\BOOKMARK [1][-]{section.1}{\376\377\004\034\004\060\004\102\004\065\004\100\004\070\004\060\004\073\000\040\004\070\000\040\004\074\004\065\004\102\004\076\004\064\004\070\004\072\004\060}{}% 1
\BOOKMARK [2][-]{subsection.1.1}{\376\377\004\023\004\065\004\076\004\063\004\100\004\060\004\104\004\070\004\117\000\040\004\070\004\101\004\101\004\073\004\065\004\064\004\076\004\062\004\060\004\075\004\070\004\071}{section.1}% 2
\BOOKMARK [3][-]{subsubsection.1.1.1}{\376\377\004\021\004\065\004\073\004\076\004\065\000\040\004\074\004\076\004\100\004\065}{subsection.1.1}% 3
\BOOKMARK [3][-]{subsubsection.1.1.2}{\376\377\004\021\004\060\004\100\004\065\004\075\004\106\004\065\004\062\004\076\000\040\004\074\004\076\004\100\004\065}{subsection.1.1}% 4
\BOOKMARK [2][-]{subsection.1.2}{\376\377\004\036\004\077\004\070\004\101\004\060\004\075\004\070\004\065\000\040\004\101\004\076\004\076\004\061\004\111\004\065\004\101\004\102\004\062\000,\000\040\004\062\004\072\004\073\004\116\004\107\004\060\004\116\004\111\004\070\004\105\000\040\000M\000a\000c\000o\000m\000a\000\040\000b\000a\000l\000t\000h\000i\000c\000a}{section.1}% 5
\BOOKMARK [2][-]{subsection.1.3}{\376\377\004\030\004\067\004\103\004\107\004\065\004\075\004\070\004\065\000\040\004\074\004\070\004\072\004\100\004\076\004\100\004\060\004\101\004\077\004\100\004\065\004\064\004\065\004\073\004\065\004\075\004\070\004\117\000\040\000M\000a\000c\000o\000m\000a\000\040\000b\000a\000l\000t\000h\000i\000c\000a}{section.1}% 6
\BOOKMARK [2][-]{subsection.1.4}{\376\377\004\030\004\067\004\103\004\107\004\065\004\075\004\070\004\065\000\040\004\101\004\102\004\100\004\103\004\072\004\102\004\103\004\100\004\113\000\040\004\077\004\076\004\101\004\065\004\073\004\065\004\075\004\070\004\071\000\040\000M\000a\000c\000o\000m\000a\000\040\000b\000a\000l\000t\000h\000i\000c\000a}{section.1}% 7
\BOOKMARK [2][-]{subsection.1.5}{\376\377\004\030\004\067\004\103\004\107\004\065\004\075\004\070\004\065\000\040\004\064\004\070\004\075\004\060\004\074\004\070\004\072\004\070\000\040\004\077\004\076\004\101\004\065\004\073\004\065\004\075\004\070\004\071\000\040\000M\000a\000c\000o\000m\000a\000\040\000b\000a\000l\000t\000h\000i\000c\000a}{section.1}% 8
\BOOKMARK [3][-]{subsubsection.1.5.1}{\376\377\004\021\004\065\004\073\004\076\004\065\000\040\004\074\004\076\004\100\004\065}{subsection.1.5}% 9
\BOOKMARK [2][-]{subsection.1.6}{\376\377\004\021\004\060\004\100\004\065\004\075\004\106\004\065\004\062\004\076\000\040\004\074\004\076\004\100\004\065}{section.1}% 10
\BOOKMARK [2][-]{subsection.1.7}{\376\377\004\030\004\067\004\103\004\107\004\065\004\075\004\070\004\065\000\040\004\073\004\070\004\075\004\065\004\071\004\075\004\076\004\063\004\076\000\040\004\100\004\076\004\101\004\102\004\060\000\040\000M\000a\000c\000o\000m\000a\000\040\000b\000a\000l\000t\000h\000i\000c\000a}{section.1}% 11
\BOOKMARK [1][-]{section.2}{\376\377\004\045\004\060\004\100\004\060\004\072\004\102\004\065\004\100\004\070\004\101\004\102\004\070\004\072\004\060\000\040\004\100\004\060\004\071\004\076\004\075\004\060\000\040\004\070\004\101\004\101\004\073\004\065\004\064\004\076\004\062\004\060\004\075\004\070\004\117}{}% 12
\BOOKMARK [2][-]{subsection.2.1}{\376\377\004\023\004\065\004\076\004\063\004\100\004\060\004\104\004\070\004\107\004\065\004\101\004\072\004\076\004\065\000\040\004\070\000\040\004\104\004\070\004\067\004\070\004\076\004\075\004\076\004\074\004\070\004\107\004\065\004\101\004\072\004\076\004\065\000\040\004\076\004\077\004\070\004\101\004\060\004\075\004\070\004\065}{section.2}% 13
\BOOKMARK [3][-]{subsubsection.2.1.1}{\376\377\004\021\004\060\004\100\004\065\004\075\004\106\004\065\004\062\004\076\000\040\004\074\004\076\004\100\004\065}{subsection.2.1}% 14
\BOOKMARK [2][-]{subsection.2.2}{\376\377\004\045\004\060\004\100\004\060\004\072\004\102\004\065\004\100\004\070\004\101\004\102\004\070\004\072\004\070\000\040\004\063\004\100\004\103\004\075\004\102\004\060}{section.2}% 15
\BOOKMARK [3][-]{subsubsection.2.2.1}{\376\377\004\021\004\060\004\100\004\065\004\075\004\106\004\065\004\062\004\076\000\040\004\074\004\076\004\100\004\065}{subsection.2.2}% 16
\BOOKMARK [1][-]{section.3}{\376\377\004\034\004\070\004\072\004\100\004\076\004\100\004\060\004\101\004\077\004\100\004\065\004\064\004\065\004\073\004\065\004\075\004\070\004\065}{}% 17
\BOOKMARK [2][-]{subsection.3.1}{\376\377\004\037\004\060\004\073\004\060\000-\004\063\004\103\004\061\004\060}{section.3}% 18
\BOOKMARK [2][-]{subsection.3.2}{\376\377\004\024\004\060\004\073\004\114\004\075\004\065\004\067\004\065\004\073\004\065\004\075\004\065\004\106\004\072\004\060\004\117}{section.3}% 19
\BOOKMARK [2][-]{subsection.3.3}{\376\377\004\057\004\100\004\075\004\113\004\110\004\075\004\060\004\117}{section.3}% 20
\BOOKMARK [1][-]{section.4}{\376\377\004\047\004\070\004\101\004\073\004\065\004\075\004\075\004\076\004\101\004\102\004\114\000\040\000M\000a\000c\000o\000m\000a\000\040\000b\000a\000l\000t\000h\000i\000c\000a}{}% 21
\BOOKMARK [2][-]{subsection.4.1}{\376\377\004\021\004\065\004\073\004\076\004\065\000\040\004\074\004\076\004\100\004\065}{section.4}% 22
\BOOKMARK [2][-]{subsection.4.2}{\376\377\004\021\004\060\004\100\004\065\004\075\004\106\004\065\004\062\004\076\000\040\004\074\004\076\004\100\004\065}{section.4}% 23
\BOOKMARK [2][-]{subsection.4.3}{\376\377\004\022\004\073\004\070\004\117\004\075\004\070\004\065\000\040\004\101\004\076\004\101\004\102\004\060\004\062\004\060\000\040\004\063\004\100\004\103\004\075\004\102\004\060\000\040\004\075\004\060\000\040\004\107\004\070\004\101\004\073\004\065\004\075\004\075\004\076\004\101\004\102\004\114\000\040\000M\000a\000c\000o\000m\000a\000\040\000b\000a\000l\000t\000h\000i\000c\000a}{section.4}% 24
\BOOKMARK [1][-]{section.5}{\376\377\004\040\004\060\004\067\004\074\004\065\004\100\000\040\004\074\004\076\004\073\004\073\004\116\004\101\004\072\004\076\004\062\000\040\000M\000.\000\040\000b\000a\000l\000t\000h\000i\000c\000a\000\040\004\062\000\040\004\062\004\076\004\067\004\100\004\060\004\101\004\102\004\065\000\040\0001\000\040\004\063\004\076\004\064\004\060}{}% 25
\BOOKMARK [1][-]{section.6}{\376\377\004\024\004\070\004\075\004\060\004\074\004\070\004\072\004\060\000\040\004\076\004\061\004\070\004\073\004\070\004\117\000\040\000M\000.\000\040\000b\000a\000l\000t\000h\000i\000c\000a\000.}{}% 26
\BOOKMARK [2][-]{subsection.6.1}{\376\377\004\055\004\101\004\102\004\103\004\060\004\100\004\070\004\071\000\040\004\100\004\065\004\072\004\070\000\040\004\033\004\103\004\062\004\065\004\075\004\114\004\063\004\070\000.}{section.6}% 27
\BOOKMARK [2][-]{subsection.6.2}{\376\377\004\030\004\073\004\070\004\101\004\102\004\060\004\117\000\040\004\063\004\103\004\061\004\060\000\040\004\076\004\101\004\102\004\100\004\076\004\062\004\060\000\040\004\023\004\076\004\100\004\065\004\073\004\113\004\071\000.}{section.6}% 28
\BOOKMARK [2][-]{subsection.6.3}{\376\377\004\034\004\060\004\102\004\065\004\100\004\070\004\072\004\076\004\062\004\060\004\117\000\040\004\073\004\070\004\102\004\076\004\100\004\060\004\073\004\114\000\040\004\062\000\040\004\100\004\060\004\071\004\076\004\075\004\065\000\040\004\077\004\076\004\101\000.\000\040\004\033\004\103\004\062\004\065\004\075\004\114\004\063\004\060}{section.6}% 29
\BOOKMARK [2][-]{subsection.6.4}{\376\377\004\033\004\070\004\102\004\076\004\100\004\060\004\073\004\114\000\040\004\027\004\060\004\077\004\060\004\064\004\075\004\076\004\071\000\040\004\040\004\117\004\110\004\072\004\076\004\062\004\076\004\071\000\040\004\101\004\060\004\073\004\074\004\113\000\040\004\076\000.\000\040\004\040\004\117\004\110\004\072\004\076\004\062\004\060\000.}{section.6}% 30
\BOOKMARK [2][-]{subsection.6.5}{\376\377\004\056\004\066\004\075\004\060\004\117\000\040\004\063\004\103\004\061\004\060\000\040\004\076\004\101\004\102\004\100\004\076\004\062\004\060\000\040\004\040\004\117\004\110\004\072\004\076\004\062\004\060}{section.6}% 31
\BOOKMARK [2][-]{subsection.6.6}{\376\377\004\036\004\101\004\102\004\100\004\076\004\062\000\040\004\033\004\076\004\074\004\075\004\070\004\110\004\075\004\113\004\071}{section.6}% 32
\BOOKMARK [2][-]{subsection.6.7}{\376\377\004\020\004\075\004\060\004\073\004\070\004\067\000\040\004\064\004\070\004\075\004\060\004\074\004\070\004\072\004\070\000\040\004\107\004\070\004\101\004\073\004\065\004\075\004\075\004\076\004\101\004\102\004\070\000\040\000M\000a\000c\000o\000m\000a\000\040\000b\000a\000l\000t\000h\000i\000c\000a\000\040\004\062\000\040\004\032\004\060\004\075\004\064\004\060\004\073\004\060\004\072\004\110\004\101\004\072\004\076\004\074\000\040\004\067\004\060\004\073\004\070\004\062\004\065\000\040\004\021\004\065\004\073\004\076\004\063\004\076\000\040\004\074\004\076\004\100\004\117}{section.6}% 33
\BOOKMARK [2][-]{subsection.6.8}{\376\377\004\041\004\070\004\075\004\105\004\100\004\076\004\075\004\075\004\076\004\101\004\102\004\114\000\040\004\064\004\070\004\075\004\060\004\074\004\070\004\072\004\070\000\040\004\107\004\070\004\101\004\073\004\065\004\075\004\075\004\076\004\101\004\102\004\070\000\040\000M\000a\000c\000o\000m\000a\000\040\000b\000a\000l\000t\000h\000i\000c\000a\000\040\004\062\000\040\004\032\004\060\004\075\004\064\004\060\004\073\004\060\004\072\004\110\004\101\004\072\004\076\004\074\000\040\004\067\004\060\004\073\004\070\004\062\004\065\000\040\004\021\004\065\004\073\004\076\004\063\004\076\000\040\004\074\004\076\004\100\004\117}{section.6}% 34
\BOOKMARK [2][-]{subsection.6.9}{\376\377\004\024\004\060\004\073\004\114\004\075\004\070\004\071\000\040\004\077\004\073\004\117\004\066\000\040\004\063\004\103\004\061\004\113\000\040\004\024\004\060\004\073\004\114\004\075\004\065\004\067\004\065\004\073\004\065\004\075\004\065\004\106\004\072\004\060\004\117}{section.6}% 35
