This is LuaTeX, Version beta-0.70.2-2012091206 (TeX Live 2012/Debian) (format=lualatex 2013.4.23)  4 JUL 2013 18:17
 restricted \write18 enabled.
**dynamic.tex
(./dynamic.tex
LaTeX2e <2011/06/27>
LuaTeX adaptation of babel <v3.8m-luatex-1.5> and hyphenation patterns for engl
ish, dumylang, nohyphenation, ethiopic, farsi, arabic, pinyin, croatian, bulgar
ian, ukrainian, russian, slovak, czech, danish, dutch, usenglishmax, ukenglish,
 finnish, french, basque, ngerman, german, swissgerman, ngerman-x-2012-05-30, g
erman-x-2012-05-30, monogreek, greek, ibycus, ancientgreek, hungarian, bengali,
 tamil, hindi, telugu, gujarati, sanskrit, malayalam, kannada, assamese, marath
i, oriya, panjabi, italian, latin, latvian, lithuanian, mongolian, mongolianlmc
, nynorsk, bokmal, indonesian, esperanto, coptic, welsh, irish, interlingua, se
rbian, serbianc, slovenian, friulan, romansh, estonian, romanian, armenian, upp
ersorbian, turkish, afrikaans, icelandic, kurmanji, polish, portuguese, galicia
n, catalan, spanish, swedish, thai, loaded.
(/usr/share/texlive/texmf-dist/tex/latex/base/article.cls
Document Class: article 2007/10/19 v1.4h Standard LaTeX document class
(/usr/share/texlive/texmf-dist/tex/latex/base/size12.clo
File: size12.clo 2007/10/19 v1.4h Standard LaTeX file (size option)
)
\c@part=\count79
\c@section=\count80
\c@subsection=\count81
\c@subsubsection=\count82
\c@paragraph=\count83
\c@subparagraph=\count84
\c@figure=\count85
\c@table=\count86
\abovecaptionskip=\skip41
\belowcaptionskip=\skip42
\bibindent=\dimen102
)
(/var/lib/texmf/tex/generic/babel/babel.sty
Package: babel 2008/07/08 v3.8m The Babel package

(/usr/share/texlive/texmf-dist/tex/generic/babel/english.ldf
Language: english 2005/03/30 v3.3o English support from the babel system

(/usr/share/texlive/texmf-dist/tex/generic/babel/babel.def
File: babel.def 2008/07/08 v3.8m Babel common definitions
\babel@savecnt=\count87
\U@D=\dimen103
)
luatex-hyphen: using data file: /var/lib/texmf/tex/generic/config/language.dat.
lua
\l@canadian = a dialect from \language\l@american 
\l@australian = a dialect from \language\l@british 
\l@newzealand = a dialect from \language\l@british 
)
(/usr/share/texlive/texmf-dist/tex/generic/babel/russianb.ldf
Language: russianb 2008/03/21 v1.1r Russian support from the babel system

(/usr/share/texlive/texmf-dist/tex/latex/cyrillic/t2aenc.def
File: t2aenc.def 2005/09/27 v1.0i Cyrillic encoding definition file
)

Package babel Warning: No input encoding specified for Russian language on inpu
t line 136.

Package babel Info: Making " an active character on input line 199.
)) (/usr/share/texlive/texmf-dist/tex/latex/t2/mathtext.sty
Package: mathtext 1999/01/28 v1.0 transparent text-and-math defs
LaTeX Info: Redefining \halign on input line 111.
)
(/usr/share/texlive/texmf-dist/tex/xelatex/xecyr/xecyr.sty
Package: xecyr 2008/03/08 v1.0 Definitions for Cyrillic Babel/XeLaTeX compatibi
lity

(/usr/share/texlive/texmf-dist/tex/latex/xltxtra/xltxtra.sty
Package: xltxtra 2010/09/20 v0.5e Improvements for the "XeLaTeX" format

(/usr/share/texlive/texmf-dist/tex/generic/oberdiek/ifluatex.sty
Package: ifluatex 2010/03/01 v1.3 Provides the ifluatex switch (HO)
Package ifluatex Info: LuaTeX detected.
)

Package xltxtra Warning: 
 XLTXTRA IS TO BE USED ONLY UNDER XETEX. LOAD FONTSPEC DIRECTLY, INSTEAD.
 ABORTING LOADING.

(/usr/share/texlive/texmf-dist/tex/latex/fontspec/fontspec.sty
Package: fontspec 2012/05/06 v2.2b Advanced font selection for XeLaTeX/LuaLaTeX


(/usr/share/texlive/texmf-dist/tex/latex/l3kernel/expl3.sty
(/usr/share/texlive/texmf-dist/tex/latex/l3kernel/l3names.sty
(/usr/share/texlive/texmf-dist/tex/latex/l3kernel/l3bootstrap.sty
Package: l3bootstrap 2011/12/29 v3110 L3 Experimental bootstrap code

(/usr/share/texlive/texmf-dist/tex/generic/oberdiek/luatex.sty
Package: luatex 2010/03/09 v0.4 LuaTeX basic definition package (HO)

(/usr/share/texlive/texmf-dist/tex/generic/oberdiek/infwarerr.sty
Package: infwarerr 2010/04/08 v1.3 Providing info/warning/error messages (HO)
)
(/usr/share/texlive/texmf-dist/tex/latex/etex-pkg/etex.sty
Package: etex 1998/03/26 v2.0 eTeX basic definition package (PEB)
\et@xins=\count88
)
\LuT@AllocAttribute=\count277
\LuT@AllocCatcodeTable=\count278
\CatcodeTableStack=\count279
\CatcodeTableIniTeX=\catcodetable1
\CatcodeTableString=\catcodetable3
\CatcodeTableOther=\catcodetable5
\CatcodeTableLaTeX=\catcodetable7

(/usr/share/texlive/texmf-dist/tex/generic/oberdiek/luatex-loader.sty
Package: luatex-loader 2010/03/09 v0.4 Lua module loader (HO)

(/usr/share/texlive/texmf-dist/scripts/oberdiek/oberdiek.luatex.lua)))
(/usr/share/texlive/texmf-dist/tex/generic/oberdiek/pdftexcmds.sty
Package: pdftexcmds 2011/11/29 v0.20 Utility functions of pdfTeX for LuaTeX (HO
)

(/usr/share/texlive/texmf-dist/tex/generic/oberdiek/ltxcmds.sty
Package: ltxcmds 2011/11/09 v1.22 LaTeX kernel commands for general use (HO)
)
(/usr/share/texlive/texmf-dist/tex/generic/oberdiek/ifpdf.sty
Package: ifpdf 2011/01/30 v2.3 Provides the ifpdf switch (HO)
Package ifpdf Info: pdfTeX in PDF mode is detected.
)
Package pdftexcmds Info: \pdf@primitive is available.
Package pdftexcmds Info: \pdf@ifprimitive is available.
Package pdftexcmds Info: \pdfdraftmode found.
\pdftexcmds@toks=\toks14
))
Package: l3names 2012/03/04 v3494 L3 Experimental namespace for primitives
)
Package: expl3 2012/04/23 v3570 L3 Experimental code bundle wrapper

(/usr/share/texlive/texmf-dist/tex/latex/graphics/color.sty
Package: color 2005/11/14 v1.0j Standard LaTeX Color (DPC)

(/usr/share/texlive/texmf-dist/tex/latex/latexconfig/color.cfg
File: color.cfg 2007/01/18 v1.5 color configuration of teTeX/TeXLive
)
Package color Info: Driver file: pdftex.def on input line 130.

(/usr/share/texlive/texmf-dist/tex/latex/pdftex-def/pdftex.def
File: pdftex.def 2011/05/27 v0.06d Graphics/color for pdfTeX
\Gread@gobject=\count280
))
(/usr/share/texlive/texmf-dist/tex/latex/graphics/graphics.sty
Package: graphics 2009/02/05 v1.0o Standard LaTeX Graphics (DPC,SPQR)

(/usr/share/texlive/texmf-dist/tex/latex/graphics/trig.sty
Package: trig 1999/03/16 v1.09 sin cos tan (DPC)
)
(/usr/share/texlive/texmf-dist/tex/latex/latexconfig/graphics.cfg
File: graphics.cfg 2010/04/23 v1.9 graphics configuration of TeX Live
)
Package graphics Info: Driver file: pdftex.def on input line 91.
)
(/usr/share/texlive/texmf-dist/tex/latex/l3kernel/l3basics.sty
Package: l3basics 2012/03/04 v3491 L3 Experimental basic definitions
)
(/usr/share/texlive/texmf-dist/tex/latex/l3kernel/l3expan.sty
Package: l3expan 2012/02/26 v3460 L3 Experimental argument expansion
)
(/usr/share/texlive/texmf-dist/tex/latex/l3kernel/l3tl.sty
Package: l3tl 2012/03/04 v3490 L3 Experimental token lists
)
(/usr/share/texlive/texmf-dist/tex/latex/l3kernel/l3seq.sty
Package: l3seq 2012/03/04 v3490 L3 Experimental sequences and stacks
)
(/usr/share/texlive/texmf-dist/tex/latex/l3kernel/l3int.sty
Package: l3int 2012/03/04 v3490 L3 Experimental integers
\c_max_int=\count281
\l_tmpa_int=\count282
\l_tmpb_int=\count283
\l_tmpc_int=\count284
\g_tmpa_int=\count285
\g_tmpb_int=\count286
)
(/usr/share/texlive/texmf-dist/tex/latex/l3kernel/l3quark.sty
Package: l3quark 2012/02/12 v3384 L3 Experimental quarks
)
(/usr/share/texlive/texmf-dist/tex/latex/l3kernel/l3prg.sty
Package: l3prg 2012/03/04 v3490 L3 Experimental control structures
\g_prg_map_int=\count287
)
(/usr/share/texlive/texmf-dist/tex/latex/l3kernel/l3clist.sty
Package: l3clist 2012/03/04 v3490 L3 Experimental comma separated lists
)
(/usr/share/texlive/texmf-dist/tex/latex/l3kernel/l3token.sty
Package: l3token 2012/03/04 v3491 L3 Experimental token manipulation
)
(/usr/share/texlive/texmf-dist/tex/latex/l3kernel/l3prop.sty
Package: l3prop 2012/03/04 v3490 L3 Experimental property lists
)
(/usr/share/texlive/texmf-dist/tex/latex/l3kernel/l3msg.sty
Package: l3msg 2012/04/23 v3568 L3 Experimental messages
)
(/usr/share/texlive/texmf-dist/tex/latex/l3kernel/l3file.sty
Package: l3file 2012/03/09 v3520 L3 Experimental file and I/O operations
\l_iow_stream_int=\count288
\l_iow_line_length_int=\count289
\l_iow_target_length_int=\count290
\l_iow_current_line_int=\count291
\l_iow_current_word_int=\count292
\l_iow_current_indentation_int=\count293
)
(/usr/share/texlive/texmf-dist/tex/latex/l3kernel/l3skip.sty
Package: l3skip 2012/03/05 v3499 L3 Experimental dimensions and skips
\l_tmpa_dim=\dimen256
\l_tmpb_dim=\dimen257
\l_tmpc_dim=\dimen258
\g_tmpa_dim=\dimen259
\g_tmpb_dim=\dimen260
\l_tmpa_skip=\skip256
\l_tmpb_skip=\skip257
\l_tmpc_skip=\skip258
\g_tmpa_skip=\skip259
\g_tmpb_skip=\skip260
)
(/usr/share/texlive/texmf-dist/tex/latex/l3kernel/l3keys.sty
Package: l3keys 2012/03/03 v3487 L3 Experimental key-value interfaces
\g_keyval_level_int=\count294
\l_keys_choice_int=\count295
)
(/usr/share/texlive/texmf-dist/tex/latex/l3kernel/l3fp.sty
Package: l3fp 2012/03/04 v3490 L3 Experimental floating-point operations
\c_one_hundred_million=\count296
\c_five_hundred_million=\count297
\c_one_thousand_million=\count298
\c_fp_pi_by_four_decimal_int=\count299
\c_fp_pi_by_four_extended_int=\count300
\c_fp_pi_decimal_int=\count301
\c_fp_pi_extended_int=\count302
\c_fp_two_pi_decimal_int=\count303
\c_fp_two_pi_extended_int=\count304
\l_fp_count_int=\count305
\l_fp_div_offset_int=\count306
\l_fp_exp_integer_int=\count307
\l_fp_exp_decimal_int=\count308
\l_fp_exp_extended_int=\count309
\l_fp_exp_exponent_int=\count310
\l_fp_input_a_sign_int=\count311
\l_fp_input_a_integer_int=\count312
\l_fp_input_a_decimal_int=\count313
\l_fp_input_a_exponent_int=\count314
\l_fp_input_b_sign_int=\count315
\l_fp_input_b_integer_int=\count316
\l_fp_input_b_decimal_int=\count317
\l_fp_input_b_exponent_int=\count318
\l_fp_input_a_extended_int=\count319
\l_fp_input_b_extended_int=\count320
\l_fp_mul_a_i_int=\count321
\l_fp_mul_a_ii_int=\count322
\l_fp_mul_a_iii_int=\count323
\l_fp_mul_a_iv_int=\count324
\l_fp_mul_a_v_int=\count325
\l_fp_mul_a_vi_int=\count326
\l_fp_mul_b_i_int=\count327
\l_fp_mul_b_ii_int=\count328
\l_fp_mul_b_iii_int=\count329
\l_fp_mul_b_iv_int=\count330
\l_fp_mul_b_v_int=\count331
\l_fp_mul_b_vi_int=\count332
\l_fp_mul_output_int=\count333
\l_fp_output_sign_int=\count334
\l_fp_output_integer_int=\count335
\l_fp_output_decimal_int=\count336
\l_fp_output_exponent_int=\count337
\l_fp_output_extended_int=\count338
\l_fp_round_position_int=\count339
\l_fp_round_target_int=\count340
\l_fp_split_sign_int=\count341
\l_fp_internal_int=\count342
\l_fp_trig_octant_int=\count343
\l_fp_trig_sign_int=\count344
\l_fp_trig_decimal_int=\count345
\l_fp_trig_extended_int=\count346
\l_fp_internal_dim=\dimen261
\l_fp_internal_skip=\skip261
)
(/usr/share/texlive/texmf-dist/tex/latex/l3kernel/l3box.sty
Package: l3box 2012/03/04 v3490 L3 Experimental boxes
\l_tmpb_box=\box256
\l_box_top_dim=\dimen262
\l_box_bottom_dim=\dimen263
\l_box_left_dim=\dimen264
\l_box_right_dim=\dimen265
\l_box_top_new_dim=\dimen266
\l_box_bottom_new_dim=\dimen267
\l_box_left_new_dim=\dimen268
\l_box_right_new_dim=\dimen269
\l_box_internal_box=\box257
)
(/usr/share/texlive/texmf-dist/tex/latex/l3kernel/l3coffins.sty
Package: l3coffins 2012/03/03 v3482 L3 Experimental coffin code layer
\l_coffin_internal_box=\box258
\l_coffin_internal_dim=\dimen270
\l_coffin_offset_x_dim=\dimen271
\l_coffin_offset_y_dim=\dimen272
\l_coffin_x_dim=\dimen273
\l_coffin_y_dim=\dimen274
\l_coffin_x_prime_dim=\dimen275
\l_coffin_y_prime_dim=\dimen276
\l_coffin_Depth_dim=\dimen277
\l_coffin_Height_dim=\dimen278
\l_coffin_TotalHeight_dim=\dimen279
\l_coffin_Width_dim=\dimen280
\c_empty_coffin=\box259
\l_coffin_aligned_coffin=\box260
\l_coffin_aligned_internal_coffin=\box261
\l_coffin_bounding_shift_dim=\dimen281
\l_coffin_left_corner_dim=\dimen282
\l_coffin_right_corner_dim=\dimen283
\l_coffin_bottom_corner_dim=\dimen284
\l_coffin_top_corner_dim=\dimen285
\l_coffin_scaled_total_height_dim=\dimen286
\l_coffin_scaled_width_dim=\dimen287
\l_coffin_display_coffin=\box262
\l_coffin_display_coord_coffin=\box263
\l_coffin_display_pole_coffin=\box264
\l_coffin_display_offset_dim=\dimen288
\l_coffin_display_x_dim=\dimen289
\l_coffin_display_y_dim=\dimen290
)
(/usr/share/texlive/texmf-dist/tex/latex/l3kernel/l3color.sty
Package: l3color 2011/09/07 v2776 L3 Experimental colour support
)
(/usr/share/texlive/texmf-dist/tex/latex/l3kernel/l3luatex.sty
Package: l3luatex 2012/02/09 v3355 L3 Experimental LuaTeX-specific functions
\g_cctab_allocate_int=\count347
\g_cctab_stack_int=\count348
\c_code_cctab=\catcodetable9
))
(/usr/share/texlive/texmf-dist/tex/latex/l3packages/xparse/xparse.sty
Package: xparse 2012/04/23 v3570 L3 Experimental document command parser
\l_xparse_current_arg_int=\count349
\l_xparse_m_args_int=\count350
\l_xparse_mandatory_args_int=\count351
\l_xparse_processor_int=\count352
\l_xparse_v_nesting_int=\count353
)
(/usr/share/texlive/texmf-dist/tex/luatex/luaotfload/luaotfload.sty
Package: luaotfload 2012/05/28 v1.27 OpenType layout system

(/usr/share/texlive/texmf-dist/tex/luatex/luatexbase/luatexbase.sty
Package: luatexbase 2010/10/06 v0.3 Module utilities for LuaTeX

(/usr/share/texlive/texmf-dist/tex/luatex/luatexbase/luatexbase-compat.sty
Package: luatexbase-compat 2010/10/10 v0.3 Compatibility tools for LuaTeX
)
(/usr/share/texlive/texmf-dist/tex/luatex/luatexbase/luatexbase-loader.sty
Package: luatexbase-loader 2010/10/10 v0.3 Lua module loader for LuaTeX

(/usr/share/texlive/texmf-dist/tex/luatex/luatexbase/luatexbase.loader.lua))
(/usr/share/texlive/texmf-dist/tex/luatex/luatexbase/luatexbase-regs.sty
Package: luatexbase-regs 2010/10/10 v0.3 Registers allocation for LuaTeX
)
(/usr/share/texlive/texmf-dist/tex/luatex/luatexbase/luatexbase-attr.sty
Package: luatexbase-attr 2011/05/21 v0.31 Attributes allocation for LuaTeX

(/usr/share/texlive/texmf-dist/tex/luatex/luatexbase/attr.lua))
(/usr/share/texlive/texmf-dist/tex/luatex/luatexbase/luatexbase-cctb.sty
Package: luatexbase-cctb 2010/10/10 v0.3 Catcodetable allocation for LuaTeX

(/usr/share/texlive/texmf-dist/tex/luatex/luatexbase/cctb.lua)
\lltxb@catcodetable@alloc=\count354
\CatcodeTableIniTeX=\luatexcatcodetable1
\CatcodeTableString=\luatexcatcodetable3
\CatcodeTableOther=\luatexcatcodetable5
\CatcodeTableLaTeX=\luatexcatcodetable7
\CatcodeTableLaTeXAtLetter=\luatexcatcodetable9
\CatcodeTableExpl=\luatexcatcodetable11
)
(/usr/share/texlive/texmf-dist/tex/luatex/luatexbase/luatexbase-mcb.sty
Package: luatexbase-mcb 2010/10/10 v0.3 Callback management for LuaTeX

(/usr/share/texlive/texmf-dist/tex/luatex/luatexbase/luatexbase-modutils.sty
Package: luatexbase-modutils 2010/10/10 v0.3 Module utilities for LuaTeX

(/usr/share/texlive/texmf-dist/tex/luatex/luatexbase/modutils.lua))
(/usr/share/texlive/texmf-dist/tex/luatex/luatexbase/mcb.lua)
Lua module: luatexbase-mcb 2010/05/12 0.2 register several functions in a callb
ack
))
(/usr/share/texlive/texmf-dist/tex/luatex/lualibs/lualibs.lua)
Lua module: lualibs 2011/01/20 0.96 Lua additional functions.

(/usr/share/texlive/texmf-dist/tex/luatex/lualibs/lualibs-string.lua)
(/usr/share/texlive/texmf-dist/tex/luatex/lualibs/lualibs-lpeg.lua)
(/usr/share/texlive/texmf-dist/tex/luatex/lualibs/lualibs-boolean.lua)
(/usr/share/texlive/texmf-dist/tex/luatex/lualibs/lualibs-number.lua)
(/usr/share/texlive/texmf-dist/tex/luatex/lualibs/lualibs-math.lua)
(/usr/share/texlive/texmf-dist/tex/luatex/lualibs/lualibs-table.lua)
(/usr/share/texlive/texmf-dist/tex/luatex/lualibs/lualibs-aux.lua)
(/usr/share/texlive/texmf-dist/tex/luatex/lualibs/lualibs-io.lua)
(/usr/share/texlive/texmf-dist/tex/luatex/lualibs/lualibs-os.lua)
(/usr/share/texlive/texmf-dist/tex/luatex/lualibs/lualibs-file.lua)
(/usr/share/texlive/texmf-dist/tex/luatex/lualibs/lualibs-md5.lua)
(/usr/share/texlive/texmf-dist/tex/luatex/lualibs/lualibs-dir.lua)
(/usr/share/texlive/texmf-dist/tex/luatex/lualibs/lualibs-unicode.lua)
(/usr/share/texlive/texmf-dist/tex/luatex/lualibs/lualibs-utils.lua)
(/usr/share/texlive/texmf-dist/tex/luatex/lualibs/lualibs-dimen.lua)
(/usr/share/texlive/texmf-dist/tex/luatex/lualibs/lualibs-url.lua)
(/usr/share/texlive/texmf-dist/tex/luatex/lualibs/lualibs-set.lua)
(/usr/share/texlive/texmf-dist/tex/luatex/luaotfload/luaotfload.lua)
Lua module: luaotfload 2012/05/28 1.27 OpenType layout system.
luaotfload: loading file /usr/share/texlive/texmf-dist/tex/luatex/luaotfload/ot
fl-luat-dum.lua.(using cache: /home/sonya/.texmf-var/luatex-cache/generic)
luaotfload: loading file /usr/share/texlive/texmf-dist/tex/luatex/luaotfload/ot
fl-luat-ovr.lua.
luaotfload: loading file /usr/share/texlive/texmf-dist/tex/luatex/luaotfload/ot
fl-data-con.lua.
luaotfload: loading file /usr/share/texlive/texmf-dist/tex/luatex/luaotfload/ot
fl-font-ini.lua.
luaotfload: loading file /usr/share/texlive/texmf-dist/tex/luatex/luaotfload/ot
fl-node-dum.lua.
luaotfload: loading file /usr/share/texlive/texmf-dist/tex/luatex/luaotfload/ot
fl-node-inj.lua.
luaotfload: loading file /usr/share/texlive/texmf-dist/tex/luatex/luaotfload/ot
fl-font-tfm.lua.
luatexbase.attributes["otfl@state"] = 1
luaotfload: loading file /usr/share/texlive/texmf-dist/tex/luatex/luaotfload/ot
fl-font-cid.lua.
luaotfload: loading file /usr/share/texlive/texmf-dist/tex/luatex/luaotfload/ot
fl-font-ott.lua.
luaotfload: loading file /usr/share/texlive/texmf-dist/tex/luatex/luaotfload/ot
fl-font-map.lua.
luaotfload: loading file /usr/share/texlive/texmf-dist/tex/luatex/luaotfload/ot
fl-font-otf.lua.
luaotfload: loading file /usr/share/texlive/texmf-dist/tex/luatex/luaotfload/ot
fl-font-otd.lua.
luaotfload: loading file /usr/share/texlive/texmf-dist/tex/luatex/luaotfload/ot
fl-font-oti.lua.
luaotfload: loading file /usr/share/texlive/texmf-dist/tex/luatex/luaotfload/ot
fl-font-otb.lua.
luaotfload: loading file /usr/share/texlive/texmf-dist/tex/luatex/luaotfload/ot
fl-font-otn.lua.
luatexbase.attributes["otfl@markbase"] = 2
luatexbase.attributes["otfl@markmark"] = 3
luatexbase.attributes["otfl@markdone"] = 4
luatexbase.attributes["otfl@cursbase"] = 5
luatexbase.attributes["otfl@curscurs"] = 6
luatexbase.attributes["otfl@cursdone"] = 7
luatexbase.attributes["otfl@kernpair"] = 8
luaotfload: loading file /usr/share/texlive/texmf-dist/tex/luatex/luaotfload/ot
fl-font-ota.lua.
luaotfload: loading file /usr/share/texlive/texmf-dist/tex/luatex/luaotfload/ot
fl-font-otc.lua.
luaotfload: loading file /usr/share/texlive/texmf-dist/tex/luatex/luaotfload/ot
fl-font-def.lua.
luaotfload: loading file /usr/share/texlive/texmf-dist/tex/luatex/luaotfload/ot
fl-font-xtx.lua.
luaotfload: loading file /usr/share/texlive/texmf-dist/tex/luatex/luaotfload/ot
fl-font-dum.lua.
luaotfload: loading file /usr/share/texlive/texmf-dist/tex/luatex/luaotfload/ot
fl-font-nms.lua.
luaotfload: loading file /usr/share/texlive/texmf-dist/tex/luatex/luaotfload/ot
fl-font-clr.lua.
Module luatexbase-mcb info: creating 'luaotfload.patch_font' type 4
Module luatexbase-mcb info: inserting 'luaotfload.pre_linebreak_filter'
(luatexbase-mcb)            at position 1 in 'pre_linebreak_filter'
Module luatexbase-mcb info: inserting 'luaotfload.hpack_filter'
(luatexbase-mcb)            at position 1 in 'hpack_filter'
Module luatexbase-mcb info: resetting callback 'define_font'
Module luatexbase-mcb info: inserting 'luaotfload.define_font'
(luatexbase-mcb)            at position 1 in 'define_font'
Module luatexbase-mcb info: inserting 'luaotfload.find_vf_file'
(luatexbase-mcb)            at position 1 in 'find_vf_file'
Module luatexbase-mcb info: inserting 'unicodemath.set_sscale_diments'
(luatexbase-mcb)            at position 1 in 'luaotfload.patch_font'
)
(/usr/share/texlive/texmf-dist/tex/latex/fontspec/fontspec.lua)
Lua module: fontspec 2009/12/04 2 Advanced font selection for LuaLaTeX.

Module luatexbase-mcb info: inserting 'fontspec.set_capheight'
(luatexbase-mcb)            at position 2 in 'luaotfload.patch_font'
\l_fontspec_script_int=\count355
\l_fontspec_language_int=\count356
\l_fontspec_strnum_int=\count357
\l_fontspec_tmpa_dim=\dimen291
\l_fontspec_tmpb_dim=\dimen292
\l_fontspec_tmpc_dim=\dimen293
Variant \tl_gset:cV already defined; not changing it on line 66
*************************************************
* fontspec warning: "cm-default-obsolete"
* 
* The "cm-default" package option is obsolete.
*************************************************
(/usr/share/texlive/texmf-dist/tex/latex/fontspec/fontspec-patches.sty
Package: fontspec-patches 2012/05/06 v2.2b Advanced font selection for XeLaTeX/
LuaLaTeX

(/usr/share/texlive/texmf-dist/tex/latex/base/fixltx2e.sty
Package: fixltx2e 2006/09/13 v1.1m fixes to LaTeX
LaTeX Info: Redefining \em on input line 420.
)
LaTeX Info: Redefining \em on input line 22.
LaTeX Info: Redefining \emph on input line 29.
LaTeX Info: Redefining \- on input line 32.

*************************************************
* LaTeX warning: "xparse/redefine-command"
* 
* Redefining document command \oldstylenums with arg. spec. 'm' on line 107.
*************************************************
.................................................
. LaTeX info: "xparse/define-command"
. 
. Defining document command \liningnums with arg. spec. 'm' on line 111.
.................................................
) (/usr/share/texlive/texmf-dist/tex/latex/fontspec/fontspec-luatex.sty
Package: fontspec-luatex 2012/05/06 v2.2b Advanced font selection for XeLaTeX/L
uaLaTeX

(/usr/share/texlive/texmf-dist/tex/latex/base/fontenc.sty
Package: fontenc 2005/09/27 v1.99g Standard LaTeX package

(/usr/share/texlive/texmf-dist/tex/latex/euenc/eu2enc.def
File: eu2enc.def 2010/05/27 v0.1h Experimental Unicode font encodings
\symEU2letters=\mathgroup4
)
LaTeX Font Info:    Try loading font information for EU2+lmr on input line 100.


(/usr/share/texlive/texmf-dist/tex/latex/euenc/eu2lmr.fd
File: eu2lmr.fd 2009/10/30 v1.6 Font defs for Latin Modern
)
luaotfload | load font: auto-selecting default features for script: dflt (was l
atn)(load: /home/sonya/.texmf-var/luatex-cache/generic/fonts/otf/temp-lmroman10
-regular.lua))
(/usr/share/texlive/texmf-dist/tex/xelatex/xunicode/xunicode.sty
File: xunicode.sty 2011/09/09 v0.981 provides access to latin accents and many 
other characters in Unicode lower plane

(/usr/share/texmf/tex/latex/tipa/t3enc.def
File: t3enc.def 2001/12/31 T3 encoding
\symT3letters=\mathgroup5
luaotfload | load font: auto-selecting default features for script: dflt (was l
atn)(load: /home/sonya/.texmf-var/luatex-cache/generic/fonts/otf/temp-lmromansl
ant10-regular.lua)
luaotfload | load font: auto-selecting default features for script: dflt (was l
atn)(load: /home/sonya/.texmf-var/luatex-cache/generic/fonts/otf/temp-lmroman10
-italic.lua)
luaotfload | load font: auto-selecting default features for script: dflt (was l
atn)(load: /home/sonya/.texmf-var/luatex-cache/generic/fonts/otf/temp-lmroman10
-bold.lua)
LaTeX Font Info:    Try loading font information for EU2+lmss on input line 357
.

(/usr/share/texlive/texmf-dist/tex/latex/euenc/eu2lmss.fd
File: eu2lmss.fd 2009/10/30 v1.6 Font defs for Latin Modern
)
luaotfload | load font: auto-selecting default features for script: dflt (was l
atn)(load: /home/sonya/.texmf-var/luatex-cache/generic/fonts/otf/temp-lmsans10-
regular.lua))
\tipaTiiicode=\count358
\tipasavetokens=\toks15
\tipachecktokens=\toks16

(/usr/share/texlive/texmf-dist/tex/latex/graphics/graphicx.sty
Package: graphicx 1999/02/16 v1.0f Enhanced LaTeX Graphics (DPC,SPQR)

(/usr/share/texlive/texmf-dist/tex/latex/graphics/keyval.sty
Package: keyval 1999/03/16 v1.13 key=value parser (DPC)
\KV@toks@=\toks17
)
\Gin@req@height=\dimen294
\Gin@req@width=\dimen295
))
.................................................
. LaTeX info: "xparse/define-command"
. 
. Defining document command \fontspec with arg. spec. 'O{}m' on line 42.
.................................................
.................................................
. LaTeX info: "xparse/define-command"
. 
. Defining document command \setmainfont with arg. spec. 'O{}m' on line 46.
.................................................
.................................................
. LaTeX info: "xparse/define-command"
. 
. Defining document command \setsansfont with arg. spec. 'O{}m' on line 50.
.................................................
.................................................
. LaTeX info: "xparse/define-command"
. 
. Defining document command \setmonofont with arg. spec. 'O{}m' on line 54.
.................................................
.................................................
. LaTeX info: "xparse/define-command"
. 
. Defining document command \setmathrm with arg. spec. 'O{}m' on line 62.
.................................................
.................................................
. LaTeX info: "xparse/define-command"
. 
. Defining document command \setboldmathrm with arg. spec. 'O{}m' on line 65.
.................................................
.................................................
. LaTeX info: "xparse/define-command"
. 
. Defining document command \setmathsf with arg. spec. 'O{}m' on line 68.
.................................................
.................................................
. LaTeX info: "xparse/define-command"
. 
. Defining document command \setmathtt with arg. spec. 'O{}m' on line 71.
.................................................
.................................................
. LaTeX info: "xparse/define-command"
. 
. Defining document command \newfontfamily with arg. spec. 'mO{}m' on line 87.
.................................................
.................................................
. LaTeX info: "xparse/define-command"
. 
. Defining document command \newfontface with arg. spec. 'mO{}m' on line 90.
.................................................
.................................................
. LaTeX info: "xparse/define-command"
. 
. Defining document command \defaultfontfeatures with arg. spec. 'm' on line
. 94.
.................................................
.................................................
. LaTeX info: "xparse/define-command"
. 
. Defining document command \addfontfeatures with arg. spec. 'm' on line 110.
.................................................
.................................................
. LaTeX info: "xparse/define-command"
. 
. Defining document command \newfontfeature with arg. spec. 'mm' on line 121.
.................................................
.................................................
. LaTeX info: "xparse/define-command"
. 
. Defining document command \newAATfeature with arg. spec. 'mmmm' on line 128.
.................................................
.................................................
. LaTeX info: "xparse/define-command"
. 
. Defining document command \newICUfeature with arg. spec. 'mmm' on line 135.
.................................................
.................................................
. LaTeX info: "xparse/define-command"
. 
. Defining document command \aliasfontfeature with arg. spec. 'mm' on line
. 162.
.................................................
.................................................
. LaTeX info: "xparse/define-command"
. 
. Defining document command \aliasfontfeatureoption with arg. spec. 'mmm' on
. line 167.
.................................................
.................................................
. LaTeX info: "xparse/define-command"
. 
. Defining document command \newfontscript with arg. spec. 'mm' on line 172.
.................................................
.................................................
. LaTeX info: "xparse/define-command"
. 
. Defining document command \newfontlanguage with arg. spec. 'mm' on line 195.
.................................................
.................................................
. LaTeX info: "xparse/define-command"
. 
. Defining document command \DeclareFontsExtensions with arg. spec. 'm' on
. line 214.
.................................................
Variant \prop_gput:cnV already defined; not changing it on line 489
Variant \prop_gput:cnx already defined; not changing it on line 490
\l_fontspec_tmp_int=\count359
LaTeX Info: Redefining \itshape on input line 1819.
LaTeX Info: Redefining \slshape on input line 1823.
LaTeX Info: Redefining \scshape on input line 1827.
LaTeX Info: Redefining \upshape on input line 1831.

(/usr/share/texlive/texmf-dist/tex/latex/fontspec/fontspec.cfg)))))
luaotfload | Font names database loaded: /home/sonya/.texmf-var/luatex-cache/ge
neric/names/otfl-names.lua
luaotfload | load font: font family='dejavuserif', subfamily='regular' found: D
ejaVuSerif.ttf(load: /home/sonya/.texmf-var/luatex-cache/generic/fonts/otf/temp
-dejavuserif.lua)
luaotfload | load font: font family='dejavuserif', subfamily='regular' found: D
ejaVuSerif.ttf
fontspec: script 'latn' exists in font 'DejaVu Serif'
fontspec: script 'latn' exists in font 'DejaVu Serif'
\g_fontspec_family_DejaVu Serif_int=\count360
luaotfload | load font: font family='dejavuserif', subfamily='regular' found: D
ejaVuSerif.ttf
luaotfload | load font: font family='dejavuserif', subfamily='regular' found: D
ejaVuSerif.ttf
luaotfload | load font: font family='dejavuserif', subfamily='bold' found: Deja
VuSerif-Bold.ttf(load: /home/sonya/.texmf-var/luatex-cache/generic/fonts/otf/te
mp-dejavuserif-bold.lua)
luaotfload | load font: font family='dejavuserif', subfamily='bold' found: Deja
VuSerif-Bold.ttf
luaotfload | load font: font family='dejavuserif', subfamily='regular' found: D
ejaVuSerif.ttf
luaotfload | load font: font family='dejavuserif', subfamily='italic' found: De
jaVuSerif-Italic.ttf(load: /home/sonya/.texmf-var/luatex-cache/generic/fonts/ot
f/temp-dejavuserif-italic.lua)
luaotfload | load font: font family='dejavuserif', subfamily='italic' found: De
jaVuSerif-Italic.ttf
luaotfload | load font: font family='dejavuserif', subfamily='regular' found: D
ejaVuSerif.ttf
luaotfload | load font: font family='dejavuserif', subfamily='bolditalic' found
: DejaVuSerif-BoldItalic.ttf(load: /home/sonya/.texmf-var/luatex-cache/generic/
fonts/otf/temp-dejavuserif-bolditalic.lua)
luaotfload | load font: font family='dejavuserif', subfamily='bolditalic' found
: DejaVuSerif-BoldItalic.ttf
.................................................
. fontspec info: "defining-font"
. 
. Font family 'DejaVuSerif(0)' created for font 'DejaVu Serif' with options
. [].
. 
. This font family consists of the following shapes:
. 
. * 'normal' with NFSS spec.:
. <->"name:DejaVuSerif:mode=node;script=latn;language=DFLT;"
. 
. * 'bold' with NFSS spec.:
. <->"name:DejaVuSerif/B:mode=node;script=latn;language=DFLT;"
. 
. * 'italic' with NFSS spec.:
. <->"name:DejaVuSerif/I:mode=node;script=latn;language=DFLT;"
. 
. * 'bold italic' with NFSS spec.:
. <->"name:DejaVuSerif/BI:mode=node;script=latn;language=DFLT;"
.................................................
luaotfload | load font: auto-selecting default features for script: dflt (was l
atn)
luaotfload | load font: font family='dejavuserif', subfamily='regular' found: D
ejaVuSerif.ttf
(/usr/share/texlive/texmf-dist/tex/latex/amsfonts/amssymb.sty
Package: amssymb 2009/06/22 v3.00

(/usr/share/texlive/texmf-dist/tex/latex/amsfonts/amsfonts.sty
Package: amsfonts 2009/06/22 v3.00 Basic AMSFonts support
\@emptytoks=\toks18
\symAMSa=\mathgroup6
\symAMSb=\mathgroup7
LaTeX Font Info:    Overwriting math alphabet `\mathfrak' in version `bold'
(Font)                  U/euf/m/n --> U/euf/b/n on input line 96.
))
(/usr/share/texlive/texmf-dist/tex/latex/amsmath/amsmath.sty
Package: amsmath 2000/07/18 v2.13 AMS math features
\@mathmargin=\skip262

For additional information on amsmath, use the `?' option.
(/usr/share/texlive/texmf-dist/tex/latex/amsmath/amstext.sty
Package: amstext 2000/06/29 v2.01

(/usr/share/texlive/texmf-dist/tex/latex/amsmath/amsgen.sty
File: amsgen.sty 1999/11/30 v2.0
\@emptytoks=\toks19
\ex@=\dimen296
))
(/usr/share/texlive/texmf-dist/tex/latex/amsmath/amsbsy.sty
Package: amsbsy 1999/11/29 v1.2d
\pmbraise@=\dimen297
)
(/usr/share/texlive/texmf-dist/tex/latex/amsmath/amsopn.sty
Package: amsopn 1999/12/14 v2.01 operator names
)
\inf@bad=\count361
LaTeX Info: Redefining \frac on input line 211.
\uproot@=\count362
\leftroot@=\count363
LaTeX Info: Redefining \overline on input line 307.
\classnum@=\count364
\DOTSCASE@=\count365
LaTeX Info: Redefining \ldots on input line 379.
LaTeX Info: Redefining \dots on input line 382.
LaTeX Info: Redefining \cdots on input line 467.
\Mathstrutbox@=\box265
\strutbox@=\box266
\big@size=\dimen298
LaTeX Font Info:    Redeclaring font encoding OML on input line 567.
\symOMLletters=\mathgroup8
LaTeX Font Info:    Redeclaring font encoding OMS on input line 568.
\symOMSletters=\mathgroup9
\macc@depth=\count366
\c@MaxMatrixCols=\count367
\dotsspace@=\muskip10
\c@parentequation=\count368
\dspbrk@lvl=\count369
\tag@help=\toks20
\row@=\count370
\column@=\count371
\maxfields@=\count372
\andhelp@=\toks21
\eqnshift@=\dimen299
\alignsep@=\dimen300
\tagshift@=\dimen301
\tagwidth@=\dimen302
\totwidth@=\dimen303
\lineht@=\dimen304
\@envbody=\toks22
\multlinegap=\skip263
\multlinetaggap=\skip264
\mathdisplay@stack=\toks23
LaTeX Info: Redefining \[ on input line 2666.
LaTeX Info: Redefining \] on input line 2667.
)
(/usr/share/texlive/texmf-dist/tex/latex/tools/multicol.sty
Package: multicol 2011/06/27 v1.7a multicolumn formatting (FMi)
\c@tracingmulticols=\count373
\mult@box=\box267
\multicol@leftmargin=\dimen305
\c@unbalance=\count374
\c@collectmore=\count375
\doublecol@number=\count376
\multicoltolerance=\count377
\multicolpretolerance=\count378
\full@width=\dimen306
\page@free=\dimen307
\premulticols=\dimen308
\postmulticols=\dimen309
\multicolsep=\skip265
\multicolbaselineskip=\skip266
\partial@page=\box268
\last@line=\box269
\mult@rightbox=\box270
\mult@grightbox=\box271
\mult@gfirstbox=\box272
\mult@firstbox=\box273
\@tempa=\box274
\@tempa=\box275
\@tempa=\box276
\@tempa=\box277
\@tempa=\box278
\@tempa=\box279
\@tempa=\box280
\@tempa=\box281
\@tempa=\box282
\@tempa=\box283
\@tempa=\box284
\@tempa=\box285
\@tempa=\box286
\@tempa=\box287
\@tempa=\box288
\@tempa=\box289
\@tempa=\box290
\c@columnbadness=\count379
\c@finalcolumnbadness=\count380
\last@try=\dimen310
\multicolovershoot=\dimen311
\multicolundershoot=\dimen312
\mult@nat@firstbox=\box291
\colbreak@box=\box292
\multicol@sort@counter=\count381
) (./dynamic.aux)
LaTeX Font Info:    Checking defaults for OML/cmm/m/it on input line 32.
LaTeX Font Info:    ... okay on input line 32.
LaTeX Font Info:    Checking defaults for T1/cmr/m/n on input line 32.
LaTeX Font Info:    ... okay on input line 32.
LaTeX Font Info:    Checking defaults for OT1/cmr/m/n on input line 32.
LaTeX Font Info:    ... okay on input line 32.
LaTeX Font Info:    Checking defaults for OMS/cmsy/m/n on input line 32.
LaTeX Font Info:    ... okay on input line 32.
LaTeX Font Info:    Checking defaults for OMX/cmex/m/n on input line 32.
LaTeX Font Info:    ... okay on input line 32.
LaTeX Font Info:    Checking defaults for U/cmr/m/n on input line 32.
LaTeX Font Info:    ... okay on input line 32.
LaTeX Font Info:    Checking defaults for T2A/cmr/m/n on input line 32.
LaTeX Font Info:    Try loading font information for T2A+cmr on input line 32.

(/usr/share/texlive/texmf-dist/tex/latex/cyrillic/t2acmr.fd
File: t2acmr.fd 2001/08/11 v1.0a Computer Modern Cyrillic font definitions
)
LaTeX Font Info:    ... okay on input line 32.
LaTeX Font Info:    Checking defaults for EU2/lmr/m/n on input line 32.
LaTeX Font Info:    ... okay on input line 32.
LaTeX Font Info:    Checking defaults for T3/cmr/m/n on input line 32.
LaTeX Font Info:    Try loading font information for T3+cmr on input line 32.

(/usr/share/texmf/tex/latex/tipa/t3cmr.fd
File: t3cmr.fd 2001/12/31 TIPA font definitions
)
LaTeX Font Info:    ... okay on input line 32.
luaotfload | load font: auto-selecting default features for script: dflt (was l
atn)
luaotfload | load font: font family='dejavuserif', subfamily='regular' found: D
ejaVuSerif.ttf
(/usr/share/texlive/texmf-dist/tex/context/base/supp-pdf.mkii
[Loading MPS to PDF converter (version 2006.09.02).]
\scratchcounter=\count382
\scratchdimen=\dimen313
\scratchbox=\box293
\nofMPsegments=\count383
\nofMParguments=\count384
\everyMPshowfont=\toks24
\MPscratchCnt=\count385
\MPscratchDim=\dimen314
\MPnumerator=\count386
\makeMPintoPDFobject=\count387
\everyMPtoPDFconversion=\toks25
) (/usr/share/texlive/texmf-dist/tex/latex/oberdiek/epstopdf-base.sty
Package: epstopdf-base 2010/02/09 v2.5 Base part for package epstopdf

(/usr/share/texlive/texmf-dist/tex/latex/oberdiek/grfext.sty
Package: grfext 2010/08/19 v1.1 Manage graphics extensions (HO)

(/usr/share/texlive/texmf-dist/tex/generic/oberdiek/kvdefinekeys.sty
Package: kvdefinekeys 2011/04/07 v1.3 Define keys (HO)
))
(/usr/share/texlive/texmf-dist/tex/latex/oberdiek/kvoptions.sty
Package: kvoptions 2011/06/30 v3.11 Key value format for package options (HO)

(/usr/share/texlive/texmf-dist/tex/generic/oberdiek/kvsetkeys.sty
Package: kvsetkeys 2012/04/25 v1.16 Key value parser (HO)

(/usr/share/texlive/texmf-dist/tex/generic/oberdiek/etexcmds.sty
Package: etexcmds 2011/02/16 v1.5 Avoid name clashes with e-TeX commands (HO)
)))
Package grfext Info: Graphics extension search list:
(grfext)             [.png,.pdf,.jpg,.mps,.jpeg,.jbig2,.jb2,.PNG,.PDF,.JPG,.JPE
G,.JBIG2,.JB2,.eps]
(grfext)             \AppendGraphicsExtensions on input line 452.

(/usr/share/texlive/texmf-dist/tex/latex/latexconfig/epstopdf-sys.cfg
File: epstopdf-sys.cfg 2010/07/13 v1.3 Configuration of (r)epstopdf for TeX Liv
e
))
.................................................
. fontspec info: "setup-math"
. 
. Adjusting the maths setup (use [no-math] to avoid this).
.................................................
\symlegacymaths=\mathgroup10
LaTeX Font Info:    Overwriting symbol font `legacymaths' in version `bold'
(Font)                  OT1/cmr/m/n --> OT1/cmr/bx/n on input line 32.
LaTeX Font Info:    Redeclaring math accent \acute on input line 32.
LaTeX Font Info:    Redeclaring math accent \grave on input line 32.
LaTeX Font Info:    Redeclaring math accent \ddot on input line 32.
LaTeX Font Info:    Redeclaring math accent \tilde on input line 32.
LaTeX Font Info:    Redeclaring math accent \bar on input line 32.
LaTeX Font Info:    Redeclaring math accent \breve on input line 32.
LaTeX Font Info:    Redeclaring math accent \check on input line 32.
LaTeX Font Info:    Redeclaring math accent \hat on input line 32.
LaTeX Font Info:    Redeclaring math accent \dot on input line 32.
LaTeX Font Info:    Redeclaring math accent \mathring on input line 32.
LaTeX Font Info:    Redeclaring math symbol \Gamma on input line 32.
LaTeX Font Info:    Redeclaring math symbol \Delta on input line 32.
LaTeX Font Info:    Redeclaring math symbol \Theta on input line 32.
LaTeX Font Info:    Redeclaring math symbol \Lambda on input line 32.
LaTeX Font Info:    Redeclaring math symbol \Xi on input line 32.
LaTeX Font Info:    Redeclaring math symbol \Pi on input line 32.
LaTeX Font Info:    Redeclaring math symbol \Sigma on input line 32.
LaTeX Font Info:    Redeclaring math symbol \Upsilon on input line 32.
LaTeX Font Info:    Redeclaring math symbol \Phi on input line 32.
LaTeX Font Info:    Redeclaring math symbol \Psi on input line 32.
LaTeX Font Info:    Redeclaring math symbol \Omega on input line 32.
LaTeX Font Info:    Redeclaring math symbol \mathdollar on input line 32.
LaTeX Font Info:    Redeclaring symbol font `operators' on input line 32.
LaTeX Font Info:    Encoding `OT1' has changed to `EU2' for symbol font
(Font)              `operators' in the math version `normal' on input line 32.
LaTeX Font Info:    Overwriting symbol font `operators' in version `normal'
(Font)                  OT1/cmr/m/n --> EU2/DejaVuSerif(0)/m/n on input line 32
.
LaTeX Font Info:    Encoding `OT1' has changed to `EU2' for symbol font
(Font)              `operators' in the math version `bold' on input line 32.
LaTeX Font Info:    Overwriting symbol font `operators' in version `bold'
(Font)                  OT1/cmr/bx/n --> EU2/DejaVuSerif(0)/m/n on input line 3
2.
LaTeX Font Info:    Overwriting symbol font `operators' in version `normal'
(Font)                  EU2/DejaVuSerif(0)/m/n --> EU2/DejaVuSerif(0)/m/n on in
put line 32.
LaTeX Font Info:    Overwriting math alphabet `\mathrm' in version `normal'
(Font)                  EU2/DejaVuSerif(0)/m/n --> EU2/DejaVuSerif(0)/m/n on in
put line 32.
LaTeX Font Info:    Overwriting math alphabet `\mathit' in version `normal'
(Font)                  OT1/cmr/m/it --> EU2/DejaVuSerif(0)/m/it on input line 
32.
LaTeX Font Info:    Overwriting math alphabet `\mathbf' in version `normal'
(Font)                  OT1/cmr/bx/n --> EU2/DejaVuSerif(0)/bx/n on input line 
32.
LaTeX Font Info:    Overwriting math alphabet `\mathsf' in version `normal'
(Font)                  OT1/cmss/m/n --> EU2/lmss/m/n on input line 32.
LaTeX Font Info:    Overwriting math alphabet `\mathtt' in version `normal'
(Font)                  OT1/cmtt/m/n --> EU2/lmtt/m/n on input line 32.
LaTeX Font Info:    Overwriting symbol font `operators' in version `bold'
(Font)                  EU2/DejaVuSerif(0)/m/n --> EU2/DejaVuSerif(0)/bx/n on i
nput line 32.
LaTeX Font Info:    Overwriting math alphabet `\mathrm' in version `bold'
(Font)                  EU2/DejaVuSerif(0)/m/n --> EU2/DejaVuSerif(0)/bx/n on i
nput line 32.
LaTeX Font Info:    Overwriting math alphabet `\mathit' in version `bold'
(Font)                  OT1/cmr/bx/it --> EU2/DejaVuSerif(0)/bx/it on input lin
e 32.
LaTeX Font Info:    Overwriting math alphabet `\mathsf' in version `bold'
(Font)                  OT1/cmss/bx/n --> EU2/lmss/bx/n on input line 32.
LaTeX Font Info:    Overwriting math alphabet `\mathtt' in version `bold'
(Font)                  OT1/cmtt/m/n --> EU2/lmtt/bx/n on input line 32.
luaotfload | load font: auto-selecting default features for script: dflt (was l
atn)
luaotfload | load font: font family='dejavuserif', subfamily='regular' found: D
ejaVuSerif.ttf
luaotfload | load font: auto-selecting default features for script: dflt (was l
atn)
luaotfload | load font: font family='dejavuserif', subfamily='bold' found: Deja
VuSerif-Bold.ttf
luaotfload | otf process: missing cache for lookup ks_l_0_s of type gsub_contex
tchain in font 28 (DejaVu Serif Bold)
luaotfload | load font: auto-selecting default features for script: dflt (was l
atn)
luaotfload | load font: font family='dejavuserif', subfamily='italic' found: De
jaVuSerif-Italic.ttf
luaotfload | otf process: missing cache for lookup ks_l_0_s of type gsub_contex
tchain in font 29 (DejaVu Serif Italic)
luaotfload | load font: auto-selecting default features for script: dflt (was l
atn)
luaotfload | load font: font family='dejavuserif', subfamily='regular' found: D
ejaVuSerif.ttf
luaotfload | load font: auto-selecting default features for script: dflt (was l
atn)
luaotfload | load font: font family='dejavuserif', subfamily='bold' found: Deja
VuSerif-Bold.ttf
luaotfload | otf process: missing cache for lookup ks_l_0_s of type gsub_contex
tchain in font 31 (DejaVu Serif Bold)
luaotfload | load font: auto-selecting default features for script: dflt (was l
atn)
luaotfload | load font: font family='dejavuserif', subfamily='regular' found: D
ejaVuSerif.ttf
luaotfload | load font: auto-selecting default features for script: dflt (was l
atn)
luaotfload | load font: font family='dejavuserif', subfamily='regular' found: D
ejaVuSerif.ttf
luaotfload | load font: auto-selecting default features for script: dflt (was l
atn)(load: /home/sonya/.texmf-var/luatex-cache/generic/fonts/otf/temp-lmroman12
-regular.lua)
luaotfload | load font: auto-selecting default features for script: dflt (was l
atn)(load: /home/sonya/.texmf-var/luatex-cache/generic/fonts/otf/temp-lmroman8-
regular.lua)
luaotfload | load font: auto-selecting default features for script: dflt (was l
atn)(load: /home/sonya/.texmf-var/luatex-cache/generic/fonts/otf/temp-lmroman6-
regular.lua)
LaTeX Font Info:    Try loading font information for T3+lmr on input line 37.
LaTeX Font Info:    No file T3lmr.fd. on input line 37.


LaTeX Font Warning: Font shape `T3/lmr/m/n' undefined
(Font)              using `T3/cmr/m/n' instead on input line 37.

LaTeX Font Info:    Try loading font information for U+msa on input line 37.
(/usr/share/texlive/texmf-dist/tex/latex/amsfonts/umsa.fd
File: umsa.fd 2009/06/22 v3.00 AMS symbols A
)
LaTeX Font Info:    Try loading font information for U+msb on input line 37.

(/usr/share/texlive/texmf-dist/tex/latex/amsfonts/umsb.fd
File: umsb.fd 2009/06/22 v3.00 AMS symbols B
)
LaTeX Font Info:    Try loading font information for OML+DejaVuSerif(0) on inpu
t line 37.
LaTeX Font Info:    No file OMLDejaVuSerif(0).fd. on input line 37.


LaTeX Font Warning: Font shape `OML/DejaVuSerif(0)/m/n' undefined
(Font)              using `OML/cmm/m/it' instead on input line 37.

LaTeX Font Info:    Try loading font information for OMS+DejaVuSerif(0) on inpu
t line 37.
LaTeX Font Info:    No file OMSDejaVuSerif(0).fd. on input line 37.

LaTeX Font Warning: Font shape `OMS/DejaVuSerif(0)/m/n' undefined
(Font)              using `OMS/cmsy/m/n' instead on input line 37.

luaotfload | otf process: missing cache for lookup ks_l_0_s of type gsub_contex
tchain in font 26 (DejaVu Serif)
luaotfload | load font: auto-selecting default features for script: dflt (was l
atn)
luaotfload | load font: font family='dejavuserif', subfamily='italic' found: De
jaVuSerif-Italic.ttf
luaotfload | otf process: missing cache for lookup ks_l_0_s of type gsub_contex
tchain in font 57 (DejaVu Serif Italic)
Overfull \hbox (22.76508pt too wide) in paragraph at lines 48--49
\EU2/DejaVuSerif(0)/m/n/12 за пе-ри-од с $\OT1/cmr/m/n/12 1994$ \EU2/D
ejaVuSerif(0)/m/n/12 по $\OT1/cmr/m/n/12 2012$ \EU2/DejaVuSerif(0)/m/n/12 г
од ко-ле-ба-лась от $\OT1/cmr/m/n/12 220 (40\OML/cmm/m/it/12 ; \O
T1/cmr/m/n/12 9)$ \EU2/DejaVuSerif(0)/m/n/12 экз./м$[][]$ до $\OT1/cmr/m/
n/12 9285 (16\OML/cmm/m/it/12 ; \OT1/cmr/m/n/12 4)$ \EU2/DejaVuSerif(0)/m/n/12 
экз./м$[][]$
 []

[1

{/var/lib/texmf/fonts/map/pdftex/updmap/pdftex.map}]
<../White_Sea/Luvenga_Goreliy/N_dynamic.pdf, id=13, 505.89pt x 505.89pt>
File: ../White_Sea/Luvenga_Goreliy/N_dynamic.pdf Graphic file (type pdf)

<use ../White_Sea/Luvenga_Goreliy/N_dynamic.pdf>
Package pdftex.def Info: ../White_Sea/Luvenga_Goreliy/N_dynamic.pdf used on inp
ut line 60.
(pdftex.def)             Requested size: 184.9429pt x 184.9455pt.

<../White_Sea//Luvenga_II_razrez/N_dynamic.pdf, id=14, 505.89pt x 505.89pt>
File: ../White_Sea//Luvenga_II_razrez/N_dynamic.pdf Graphic file (type pdf)

<use ../White_Sea//Luvenga_II_razrez/N_dynamic.pdf>
Package pdftex.def Info: ../White_Sea//Luvenga_II_razrez/N_dynamic.pdf used on 
input line 69.
(pdftex.def)             Requested size: 184.9429pt x 184.9455pt.

<../White_Sea/Estuatiy_Luvenga/N_dynamic.pdf, id=15, 505.89pt x 505.89pt>
File: ../White_Sea/Estuatiy_Luvenga/N_dynamic.pdf Graphic file (type pdf)

<use ../White_Sea/Estuatiy_Luvenga/N_dynamic.pdf>
Package pdftex.def Info: ../White_Sea/Estuatiy_Luvenga/N_dynamic.pdf used on in
put line 81.
(pdftex.def)             Requested size: 184.9429pt x 184.9455pt.

<../White_Sea/Ryashkov_ZRS/N_dynamic.pdf, id=16, 505.89pt x 505.89pt>
File: ../White_Sea/Ryashkov_ZRS/N_dynamic.pdf Graphic file (type pdf)

<use ../White_Sea/Ryashkov_ZRS/N_dynamic.pdf>
Package pdftex.def Info: ../White_Sea/Ryashkov_ZRS/N_dynamic.pdf used on input 
line 90.
(pdftex.def)             Requested size: 184.9429pt x 184.9455pt.

<../White_Sea/Ryashkov_YuG/N_dynamic.pdf, id=17, 505.89pt x 505.89pt>
File: ../White_Sea/Ryashkov_YuG/N_dynamic.pdf Graphic file (type pdf)

<use ../White_Sea/Ryashkov_YuG/N_dynamic.pdf>
Package pdftex.def Info: ../White_Sea/Ryashkov_YuG/N_dynamic.pdf used on input 
line 100.
(pdftex.def)             Requested size: 184.9429pt x 184.9455pt.

<../White_Sea/Lomnishniy/N_dynamic.pdf, id=18, 505.89pt x 505.89pt>
File: ../White_Sea/Lomnishniy/N_dynamic.pdf Graphic file (type pdf)

<use ../White_Sea/Lomnishniy/N_dynamic.pdf>
Package pdftex.def Info: ../White_Sea/Lomnishniy/N_dynamic.pdf used on input li
ne 109.
(pdftex.def)             Requested size: 184.9429pt x 184.9455pt.


LaTeX Warning: `h' float specifier changed to `ht'.

<../White_Sea/Luvenga_Goreliy/N2_dynamic.pdf, id=19, 505.89pt x 505.89pt>
File: ../White_Sea/Luvenga_Goreliy/N2_dynamic.pdf Graphic file (type pdf)

<use ../White_Sea/Luvenga_Goreliy/N2_dynamic.pdf>
Package pdftex.def Info: ../White_Sea/Luvenga_Goreliy/N2_dynamic.pdf used on in
put line 127.
(pdftex.def)             Requested size: 184.9429pt x 184.9455pt.

<../White_Sea//Luvenga_II_razrez/N2_dynamic.pdf, id=20, 505.89pt x 505.89pt>
File: ../White_Sea//Luvenga_II_razrez/N2_dynamic.pdf Graphic file (type pdf)

<use ../White_Sea//Luvenga_II_razrez/N2_dynamic.pdf>
Package pdftex.def Info: ../White_Sea//Luvenga_II_razrez/N2_dynamic.pdf used on
 input line 136.
(pdftex.def)             Requested size: 184.9429pt x 184.9455pt.

<../White_Sea/Estuatiy_Luvenga/N2_dynamic.pdf, id=21, 505.89pt x 505.89pt>
File: ../White_Sea/Estuatiy_Luvenga/N2_dynamic.pdf Graphic file (type pdf)

<use ../White_Sea/Estuatiy_Luvenga/N2_dynamic.pdf>
Package pdftex.def Info: ../White_Sea/Estuatiy_Luvenga/N2_dynamic.pdf used on i
nput line 147.
(pdftex.def)             Requested size: 184.9429pt x 184.9455pt.

<../White_Sea/Ryashkov_ZRS/N2_dynamic.pdf, id=22, 505.89pt x 505.89pt>
File: ../White_Sea/Ryashkov_ZRS/N2_dynamic.pdf Graphic file (type pdf)

<use ../White_Sea/Ryashkov_ZRS/N2_dynamic.pdf>
Package pdftex.def Info: ../White_Sea/Ryashkov_ZRS/N2_dynamic.pdf used on input
 line 156.
(pdftex.def)             Requested size: 184.9429pt x 184.9455pt.

<../White_Sea/Ryashkov_YuG/N2_dynamic.pdf, id=23, 505.89pt x 505.89pt>
File: ../White_Sea/Ryashkov_YuG/N2_dynamic.pdf Graphic file (type pdf)

<use ../White_Sea/Ryashkov_YuG/N2_dynamic.pdf>
Package pdftex.def Info: ../White_Sea/Ryashkov_YuG/N2_dynamic.pdf used on input
 line 166.
(pdftex.def)             Requested size: 184.9429pt x 184.9455pt.

<../White_Sea/Lomnishniy/N2_dynamic.pdf, id=24, 505.89pt x 505.89pt>
File: ../White_Sea/Lomnishniy/N2_dynamic.pdf Graphic file (type pdf)

<use ../White_Sea/Lomnishniy/N2_dynamic.pdf>
Package pdftex.def Info: ../White_Sea/Lomnishniy/N2_dynamic.pdf used on input l
ine 175.
(pdftex.def)             Requested size: 184.9429pt x 184.9455pt.


LaTeX Warning: `h' float specifier changed to `ht'.

[2 <../White_Sea/Luvenga_Goreliy/N_dynamic.pdf> <../White_Sea//Luvenga_II_razre
z/N_dynamic.pdf> <../White_Sea/Estuatiy_Luvenga/N_dynamic.pdf> <../White_Sea/Ry
ashkov_ZRS/N_dynamic.pdf> <../White_Sea/Ryashkov_YuG/N_dynamic.pdf> <../White_S
ea/Lomnishniy/N_dynamic.pdf>] [3 <../White_Sea/Luvenga_Goreliy/N2_dynamic.pdf> 
<../White_Sea//Luvenga_II_razrez/N2_dynamic.pdf> <../White_Sea/Estuatiy_Luvenga
/N2_dynamic.pdf> <../White_Sea/Ryashkov_ZRS/N2_dynamic.pdf> <../White_Sea/Ryash
kov_YuG/N2_dynamic.pdf> <../White_Sea/Lomnishniy/N2_dynamic.pdf>]
(./dynamic.aux)

LaTeX Font Warning: Some font shapes were not available, defaults substituted.

 )

Here is how much of LuaTeX's memory you used:
 17010 strings out of 494125
 100000,552014 words of node,token memory allocated
 356 words of node memory still in use:
   6 hlist, 2 vlist, 2 rule, 2 glue, 1 kern, 5 attribute, 42 glue_spec, 5 attri
bute_list, 1 write nodes
   avail lists: 2:4127,3:90,4:478,5:6,6:1505,7:247,9:138,10:207
 19978 multiletter control sequences out of 65536+200000
 57 fonts using 10054535 bytes
 61i,8n,34p,576b,333s stack positions out of 5000i,500n,10000p,200000b,50000s
</usr/share/texlive/texmf-dist/fonts/truetype/public/dejavu/DejaVuSerif.ttf></u
sr/share/texlive/texmf-dist/fonts/truetype/public/dejavu/DejaVuSerif-Italic.ttf
></usr/share/texlive/texmf-dist/fonts/truetype/public/dejavu/DejaVuSerif-Bold.t
tf></usr/share/texlive/texmf-dist/fonts/type1/public/amsfonts/cm/cmmi12.pfb></u
sr/share/texlive/texmf-dist/fonts/type1/public/amsfonts/cm/cmr12.pfb></usr/shar
e/texlive/texmf-dist/fonts/type1/public/amsfonts/cm/cmr8.pfb></usr/share/texliv
e/texmf-dist/fonts/type1/public/amsfonts/cm/cmsy10.pfb>
Output written on dynamic.pdf (3 pages, 200271 bytes).

PDF statistics: 304 PDF objects out of 1000 (max. 8388607)
 200 compressed objects within 2 object streams
 0 named destinations out of 1000 (max. 131072)
 1 words of extra memory for PDF output out of 10000 (max. 10000000)

