This is pdfTeX, Version 3.1415926-2.4-1.40.13 (TeX Live 2012/Debian) (format=pdflatex 2013.3.27)  18 APR 2013 11:04
entering extended mode
 restricted \write18 enabled.
 %&-line parsing enabled.
**Macoma_dynamic_White_sea.tex
(./Macoma_dynamic_White_sea.tex
LaTeX2e <2011/06/27>
Babel <v3.8m> and hyphenation patterns for english, dumylang, nohyphenation, bu
lgarian, ukrainian, russian, loaded.
(/usr/share/texlive/texmf-dist/tex/latex/base/article.cls
Document Class: article 2007/10/19 v1.4h Standard LaTeX document class
(/usr/share/texlive/texmf-dist/tex/latex/base/size12.clo
File: size12.clo 2007/10/19 v1.4h Standard LaTeX file (size option)
)
\c@part=\count79
\c@section=\count80
\c@subsection=\count81
\c@subsubsection=\count82
\c@paragraph=\count83
\c@subparagraph=\count84
\c@figure=\count85
\c@table=\count86
\abovecaptionskip=\skip41
\belowcaptionskip=\skip42
\bibindent=\dimen102
)
(/usr/share/texlive/texmf-dist/tex/generic/babel/babel.sty
Package: babel 2008/07/08 v3.8m The Babel package

(/usr/share/texlive/texmf-dist/tex/generic/babel/english.ldf
Language: english 2005/03/30 v3.3o English support from the babel system

(/usr/share/texlive/texmf-dist/tex/generic/babel/babel.def
File: babel.def 2008/07/08 v3.8m Babel common definitions
\babel@savecnt=\count87
\U@D=\dimen103
)
\l@british = a dialect from \language\l@english 
\l@UKenglish = a dialect from \language\l@english 
\l@canadian = a dialect from \language\l@american 
\l@australian = a dialect from \language\l@british 
\l@newzealand = a dialect from \language\l@british 
)
(/usr/share/texlive/texmf-dist/tex/generic/babel/russianb.ldf
Language: russianb 2008/03/21 v1.1r Russian support from the babel system

(/usr/share/texlive/texmf-dist/tex/latex/cyrillic/t2aenc.def
File: t2aenc.def 2005/09/27 v1.0i Cyrillic encoding definition file
)

Package babel Warning: No input encoding specified for Russian language on inpu
t line 136.

Package babel Info: Making " an active character on input line 199.
)) (/usr/share/texlive/texmf-dist/tex/latex/t2/mathtext.sty
Package: mathtext 1999/01/28 v1.0 transparent text-and-math defs
LaTeX Info: Redefining \halign on input line 111.
)
(/usr/share/texlive/texmf-dist/tex/latex/base/fontenc.sty
Package: fontenc 2005/09/27 v1.99g Standard LaTeX package

(/usr/share/texlive/texmf-dist/tex/latex/cyrillic/t2aenc.def
File: t2aenc.def 2005/09/27 v1.0i Cyrillic encoding definition file
LaTeX Font Info:    Redeclaring font encoding T2A on input line 38.
\symT2Aletters=\mathgroup4
)
LaTeX Font Info:    Try loading font information for T2A+cmr on input line 100.


(/usr/share/texlive/texmf-dist/tex/latex/cyrillic/t2acmr.fd
File: t2acmr.fd 2001/08/11 v1.0a Computer Modern Cyrillic font definitions
))
(/usr/share/texlive/texmf-dist/tex/latex/base/inputenc.sty
Package: inputenc 2008/03/30 v1.1d Input encoding file
\inpenc@prehook=\toks14
\inpenc@posthook=\toks15

(/usr/share/texlive/texmf-dist/tex/latex/base/utf8.def
File: utf8.def 2008/04/05 v1.1m UTF-8 support for inputenc
Now handling font encoding OML ...
... no UTF-8 mapping file for font encoding OML
Now handling font encoding T1 ...
... processing UTF-8 mapping file for font encoding T1

(/usr/share/texlive/texmf-dist/tex/latex/base/t1enc.dfu
File: t1enc.dfu 2008/04/05 v1.1m UTF-8 support for inputenc
   defining Unicode char U+00A1 (decimal 161)
   defining Unicode char U+00A3 (decimal 163)
   defining Unicode char U+00AB (decimal 171)
   defining Unicode char U+00BB (decimal 187)
   defining Unicode char U+00BF (decimal 191)
   defining Unicode char U+00C0 (decimal 192)
   defining Unicode char U+00C1 (decimal 193)
   defining Unicode char U+00C2 (decimal 194)
   defining Unicode char U+00C3 (decimal 195)
   defining Unicode char U+00C4 (decimal 196)
   defining Unicode char U+00C5 (decimal 197)
   defining Unicode char U+00C6 (decimal 198)
   defining Unicode char U+00C7 (decimal 199)
   defining Unicode char U+00C8 (decimal 200)
   defining Unicode char U+00C9 (decimal 201)
   defining Unicode char U+00CA (decimal 202)
   defining Unicode char U+00CB (decimal 203)
   defining Unicode char U+00CC (decimal 204)
   defining Unicode char U+00CD (decimal 205)
   defining Unicode char U+00CE (decimal 206)
   defining Unicode char U+00CF (decimal 207)
   defining Unicode char U+00D0 (decimal 208)
   defining Unicode char U+00D1 (decimal 209)
   defining Unicode char U+00D2 (decimal 210)
   defining Unicode char U+00D3 (decimal 211)
   defining Unicode char U+00D4 (decimal 212)
   defining Unicode char U+00D5 (decimal 213)
   defining Unicode char U+00D6 (decimal 214)
   defining Unicode char U+00D8 (decimal 216)
   defining Unicode char U+00D9 (decimal 217)
   defining Unicode char U+00DA (decimal 218)
   defining Unicode char U+00DB (decimal 219)
   defining Unicode char U+00DC (decimal 220)
   defining Unicode char U+00DD (decimal 221)
   defining Unicode char U+00DE (decimal 222)
   defining Unicode char U+00DF (decimal 223)
   defining Unicode char U+00E0 (decimal 224)
   defining Unicode char U+00E1 (decimal 225)
   defining Unicode char U+00E2 (decimal 226)
   defining Unicode char U+00E3 (decimal 227)
   defining Unicode char U+00E4 (decimal 228)
   defining Unicode char U+00E5 (decimal 229)
   defining Unicode char U+00E6 (decimal 230)
   defining Unicode char U+00E7 (decimal 231)
   defining Unicode char U+00E8 (decimal 232)
   defining Unicode char U+00E9 (decimal 233)
   defining Unicode char U+00EA (decimal 234)
   defining Unicode char U+00EB (decimal 235)
   defining Unicode char U+00EC (decimal 236)
   defining Unicode char U+00ED (decimal 237)
   defining Unicode char U+00EE (decimal 238)
   defining Unicode char U+00EF (decimal 239)
   defining Unicode char U+00F0 (decimal 240)
   defining Unicode char U+00F1 (decimal 241)
   defining Unicode char U+00F2 (decimal 242)
   defining Unicode char U+00F3 (decimal 243)
   defining Unicode char U+00F4 (decimal 244)
   defining Unicode char U+00F5 (decimal 245)
   defining Unicode char U+00F6 (decimal 246)
   defining Unicode char U+00F8 (decimal 248)
   defining Unicode char U+00F9 (decimal 249)
   defining Unicode char U+00FA (decimal 250)
   defining Unicode char U+00FB (decimal 251)
   defining Unicode char U+00FC (decimal 252)
   defining Unicode char U+00FD (decimal 253)
   defining Unicode char U+00FE (decimal 254)
   defining Unicode char U+00FF (decimal 255)
   defining Unicode char U+0102 (decimal 258)
   defining Unicode char U+0103 (decimal 259)
   defining Unicode char U+0104 (decimal 260)
   defining Unicode char U+0105 (decimal 261)
   defining Unicode char U+0106 (decimal 262)
   defining Unicode char U+0107 (decimal 263)
   defining Unicode char U+010C (decimal 268)
   defining Unicode char U+010D (decimal 269)
   defining Unicode char U+010E (decimal 270)
   defining Unicode char U+010F (decimal 271)
   defining Unicode char U+0110 (decimal 272)
   defining Unicode char U+0111 (decimal 273)
   defining Unicode char U+0118 (decimal 280)
   defining Unicode char U+0119 (decimal 281)
   defining Unicode char U+011A (decimal 282)
   defining Unicode char U+011B (decimal 283)
   defining Unicode char U+011E (decimal 286)
   defining Unicode char U+011F (decimal 287)
   defining Unicode char U+0130 (decimal 304)
   defining Unicode char U+0131 (decimal 305)
   defining Unicode char U+0132 (decimal 306)
   defining Unicode char U+0133 (decimal 307)
   defining Unicode char U+0139 (decimal 313)
   defining Unicode char U+013A (decimal 314)
   defining Unicode char U+013D (decimal 317)
   defining Unicode char U+013E (decimal 318)
   defining Unicode char U+0141 (decimal 321)
   defining Unicode char U+0142 (decimal 322)
   defining Unicode char U+0143 (decimal 323)
   defining Unicode char U+0144 (decimal 324)
   defining Unicode char U+0147 (decimal 327)
   defining Unicode char U+0148 (decimal 328)
   defining Unicode char U+014A (decimal 330)
   defining Unicode char U+014B (decimal 331)
   defining Unicode char U+0150 (decimal 336)
   defining Unicode char U+0151 (decimal 337)
   defining Unicode char U+0152 (decimal 338)
   defining Unicode char U+0153 (decimal 339)
   defining Unicode char U+0154 (decimal 340)
   defining Unicode char U+0155 (decimal 341)
   defining Unicode char U+0158 (decimal 344)
   defining Unicode char U+0159 (decimal 345)
   defining Unicode char U+015A (decimal 346)
   defining Unicode char U+015B (decimal 347)
   defining Unicode char U+015E (decimal 350)
   defining Unicode char U+015F (decimal 351)
   defining Unicode char U+0160 (decimal 352)
   defining Unicode char U+0161 (decimal 353)
   defining Unicode char U+0162 (decimal 354)
   defining Unicode char U+0163 (decimal 355)
   defining Unicode char U+0164 (decimal 356)
   defining Unicode char U+0165 (decimal 357)
   defining Unicode char U+016E (decimal 366)
   defining Unicode char U+016F (decimal 367)
   defining Unicode char U+0170 (decimal 368)
   defining Unicode char U+0171 (decimal 369)
   defining Unicode char U+0178 (decimal 376)
   defining Unicode char U+0179 (decimal 377)
   defining Unicode char U+017A (decimal 378)
   defining Unicode char U+017B (decimal 379)
   defining Unicode char U+017C (decimal 380)
   defining Unicode char U+017D (decimal 381)
   defining Unicode char U+017E (decimal 382)
   defining Unicode char U+200C (decimal 8204)
   defining Unicode char U+2013 (decimal 8211)
   defining Unicode char U+2014 (decimal 8212)
   defining Unicode char U+2018 (decimal 8216)
   defining Unicode char U+2019 (decimal 8217)
   defining Unicode char U+201A (decimal 8218)
   defining Unicode char U+201C (decimal 8220)
   defining Unicode char U+201D (decimal 8221)
   defining Unicode char U+201E (decimal 8222)
   defining Unicode char U+2030 (decimal 8240)
   defining Unicode char U+2031 (decimal 8241)
   defining Unicode char U+2039 (decimal 8249)
   defining Unicode char U+203A (decimal 8250)
   defining Unicode char U+2423 (decimal 9251)
)
Now handling font encoding OT1 ...
... processing UTF-8 mapping file for font encoding OT1

(/usr/share/texlive/texmf-dist/tex/latex/base/ot1enc.dfu
File: ot1enc.dfu 2008/04/05 v1.1m UTF-8 support for inputenc
   defining Unicode char U+00A1 (decimal 161)
   defining Unicode char U+00A3 (decimal 163)
   defining Unicode char U+00B8 (decimal 184)
   defining Unicode char U+00BF (decimal 191)
   defining Unicode char U+00C5 (decimal 197)
   defining Unicode char U+00C6 (decimal 198)
   defining Unicode char U+00D8 (decimal 216)
   defining Unicode char U+00DF (decimal 223)
   defining Unicode char U+00E6 (decimal 230)
   defining Unicode char U+00EC (decimal 236)
   defining Unicode char U+00ED (decimal 237)
   defining Unicode char U+00EE (decimal 238)
   defining Unicode char U+00EF (decimal 239)
   defining Unicode char U+00F8 (decimal 248)
   defining Unicode char U+0131 (decimal 305)
   defining Unicode char U+0141 (decimal 321)
   defining Unicode char U+0142 (decimal 322)
   defining Unicode char U+0152 (decimal 338)
   defining Unicode char U+0153 (decimal 339)
   defining Unicode char U+2013 (decimal 8211)
   defining Unicode char U+2014 (decimal 8212)
   defining Unicode char U+2018 (decimal 8216)
   defining Unicode char U+2019 (decimal 8217)
   defining Unicode char U+201C (decimal 8220)
   defining Unicode char U+201D (decimal 8221)
)
Now handling font encoding OMS ...
... processing UTF-8 mapping file for font encoding OMS

(/usr/share/texlive/texmf-dist/tex/latex/base/omsenc.dfu
File: omsenc.dfu 2008/04/05 v1.1m UTF-8 support for inputenc
   defining Unicode char U+00A7 (decimal 167)
   defining Unicode char U+00B6 (decimal 182)
   defining Unicode char U+00B7 (decimal 183)
   defining Unicode char U+2020 (decimal 8224)
   defining Unicode char U+2021 (decimal 8225)
   defining Unicode char U+2022 (decimal 8226)
)
Now handling font encoding OMX ...
... no UTF-8 mapping file for font encoding OMX
Now handling font encoding U ...
... no UTF-8 mapping file for font encoding U
Now handling font encoding T2A ...
... processing UTF-8 mapping file for font encoding T2A

(/usr/share/texlive/texmf-dist/tex/latex/base/t2aenc.dfu
File: t2aenc.dfu 2008/04/05 v1.1m UTF-8 support for inputenc
   defining Unicode char U+00A4 (decimal 164)
   defining Unicode char U+00A7 (decimal 167)
   defining Unicode char U+00AB (decimal 171)
   defining Unicode char U+00BB (decimal 187)
   defining Unicode char U+0131 (decimal 305)
   defining Unicode char U+0400 (decimal 1024)
   defining Unicode char U+0401 (decimal 1025)
   defining Unicode char U+0402 (decimal 1026)
   defining Unicode char U+0403 (decimal 1027)
   defining Unicode char U+0404 (decimal 1028)
   defining Unicode char U+0405 (decimal 1029)
   defining Unicode char U+0406 (decimal 1030)
   defining Unicode char U+0407 (decimal 1031)
   defining Unicode char U+0408 (decimal 1032)
   defining Unicode char U+0409 (decimal 1033)
   defining Unicode char U+040A (decimal 1034)
   defining Unicode char U+040B (decimal 1035)
   defining Unicode char U+040C (decimal 1036)
   defining Unicode char U+040D (decimal 1037)
   defining Unicode char U+040E (decimal 1038)
   defining Unicode char U+040F (decimal 1039)
   defining Unicode char U+0410 (decimal 1040)
   defining Unicode char U+0411 (decimal 1041)
   defining Unicode char U+0412 (decimal 1042)
   defining Unicode char U+0413 (decimal 1043)
   defining Unicode char U+0414 (decimal 1044)
   defining Unicode char U+0415 (decimal 1045)
   defining Unicode char U+0416 (decimal 1046)
   defining Unicode char U+0417 (decimal 1047)
   defining Unicode char U+0418 (decimal 1048)
   defining Unicode char U+0419 (decimal 1049)
   defining Unicode char U+041A (decimal 1050)
   defining Unicode char U+041B (decimal 1051)
   defining Unicode char U+041C (decimal 1052)
   defining Unicode char U+041D (decimal 1053)
   defining Unicode char U+041E (decimal 1054)
   defining Unicode char U+041F (decimal 1055)
   defining Unicode char U+0420 (decimal 1056)
   defining Unicode char U+0421 (decimal 1057)
   defining Unicode char U+0422 (decimal 1058)
   defining Unicode char U+0423 (decimal 1059)
   defining Unicode char U+0424 (decimal 1060)
   defining Unicode char U+0425 (decimal 1061)
   defining Unicode char U+0426 (decimal 1062)
   defining Unicode char U+0427 (decimal 1063)
   defining Unicode char U+0428 (decimal 1064)
   defining Unicode char U+0429 (decimal 1065)
   defining Unicode char U+042A (decimal 1066)
   defining Unicode char U+042B (decimal 1067)
   defining Unicode char U+042C (decimal 1068)
   defining Unicode char U+042D (decimal 1069)
   defining Unicode char U+042E (decimal 1070)
   defining Unicode char U+042F (decimal 1071)
   defining Unicode char U+0430 (decimal 1072)
   defining Unicode char U+0431 (decimal 1073)
   defining Unicode char U+0432 (decimal 1074)
   defining Unicode char U+0433 (decimal 1075)
   defining Unicode char U+0434 (decimal 1076)
   defining Unicode char U+0435 (decimal 1077)
   defining Unicode char U+0436 (decimal 1078)
   defining Unicode char U+0437 (decimal 1079)
   defining Unicode char U+0438 (decimal 1080)
   defining Unicode char U+0439 (decimal 1081)
   defining Unicode char U+043A (decimal 1082)
   defining Unicode char U+043B (decimal 1083)
   defining Unicode char U+043C (decimal 1084)
   defining Unicode char U+043D (decimal 1085)
   defining Unicode char U+043E (decimal 1086)
   defining Unicode char U+043F (decimal 1087)
   defining Unicode char U+0440 (decimal 1088)
   defining Unicode char U+0441 (decimal 1089)
   defining Unicode char U+0442 (decimal 1090)
   defining Unicode char U+0443 (decimal 1091)
   defining Unicode char U+0444 (decimal 1092)
   defining Unicode char U+0445 (decimal 1093)
   defining Unicode char U+0446 (decimal 1094)
   defining Unicode char U+0447 (decimal 1095)
   defining Unicode char U+0448 (decimal 1096)
   defining Unicode char U+0449 (decimal 1097)
   defining Unicode char U+044A (decimal 1098)
   defining Unicode char U+044B (decimal 1099)
   defining Unicode char U+044C (decimal 1100)
   defining Unicode char U+044D (decimal 1101)
   defining Unicode char U+044E (decimal 1102)
   defining Unicode char U+044F (decimal 1103)
   defining Unicode char U+0450 (decimal 1104)
   defining Unicode char U+0451 (decimal 1105)
   defining Unicode char U+0452 (decimal 1106)
   defining Unicode char U+0453 (decimal 1107)
   defining Unicode char U+0454 (decimal 1108)
   defining Unicode char U+0455 (decimal 1109)
   defining Unicode char U+0456 (decimal 1110)
   defining Unicode char U+0457 (decimal 1111)
   defining Unicode char U+0458 (decimal 1112)
   defining Unicode char U+0459 (decimal 1113)
   defining Unicode char U+045A (decimal 1114)
   defining Unicode char U+045B (decimal 1115)
   defining Unicode char U+045C (decimal 1116)
   defining Unicode char U+045D (decimal 1117)
   defining Unicode char U+045E (decimal 1118)
   defining Unicode char U+045F (decimal 1119)
   defining Unicode char U+0490 (decimal 1168)
   defining Unicode char U+0491 (decimal 1169)
   defining Unicode char U+0492 (decimal 1170)
   defining Unicode char U+0493 (decimal 1171)
   defining Unicode char U+0496 (decimal 1174)
   defining Unicode char U+0497 (decimal 1175)
   defining Unicode char U+0498 (decimal 1176)
   defining Unicode char U+0499 (decimal 1177)
   defining Unicode char U+049A (decimal 1178)
   defining Unicode char U+049B (decimal 1179)
   defining Unicode char U+049C (decimal 1180)
   defining Unicode char U+049D (decimal 1181)
   defining Unicode char U+04A0 (decimal 1184)
   defining Unicode char U+04A1 (decimal 1185)
   defining Unicode char U+04A2 (decimal 1186)
   defining Unicode char U+04A3 (decimal 1187)
   defining Unicode char U+04A4 (decimal 1188)
   defining Unicode char U+04A5 (decimal 1189)
   defining Unicode char U+04AA (decimal 1194)
   defining Unicode char U+04AB (decimal 1195)
   defining Unicode char U+04AE (decimal 1198)
   defining Unicode char U+04AF (decimal 1199)
   defining Unicode char U+04B0 (decimal 1200)
   defining Unicode char U+04B1 (decimal 1201)
   defining Unicode char U+04B2 (decimal 1202)
   defining Unicode char U+04B3 (decimal 1203)
   defining Unicode char U+04B6 (decimal 1206)
   defining Unicode char U+04B7 (decimal 1207)
   defining Unicode char U+04B8 (decimal 1208)
   defining Unicode char U+04B9 (decimal 1209)
   defining Unicode char U+04BA (decimal 1210)
   defining Unicode char U+04BB (decimal 1211)
   defining Unicode char U+04C0 (decimal 1216)
   defining Unicode char U+04C1 (decimal 1217)
   defining Unicode char U+04C2 (decimal 1218)
   defining Unicode char U+04D0 (decimal 1232)
   defining Unicode char U+04D1 (decimal 1233)
   defining Unicode char U+04D2 (decimal 1234)
   defining Unicode char U+04D3 (decimal 1235)
   defining Unicode char U+04D4 (decimal 1236)
   defining Unicode char U+04D5 (decimal 1237)
   defining Unicode char U+04D6 (decimal 1238)
   defining Unicode char U+04D7 (decimal 1239)
   defining Unicode char U+04D8 (decimal 1240)
   defining Unicode char U+04D9 (decimal 1241)
   defining Unicode char U+04DA (decimal 1242)
   defining Unicode char U+04DB (decimal 1243)
   defining Unicode char U+04DC (decimal 1244)
   defining Unicode char U+04DD (decimal 1245)
   defining Unicode char U+04DE (decimal 1246)
   defining Unicode char U+04DF (decimal 1247)
   defining Unicode char U+04E2 (decimal 1250)
   defining Unicode char U+04E3 (decimal 1251)
   defining Unicode char U+04E4 (decimal 1252)
   defining Unicode char U+04E5 (decimal 1253)
   defining Unicode char U+04E6 (decimal 1254)
   defining Unicode char U+04E7 (decimal 1255)
   defining Unicode char U+04E8 (decimal 1256)
   defining Unicode char U+04E9 (decimal 1257)
   defining Unicode char U+04EC (decimal 1260)
   defining Unicode char U+04ED (decimal 1261)
   defining Unicode char U+04EE (decimal 1262)
   defining Unicode char U+04EF (decimal 1263)
   defining Unicode char U+04F0 (decimal 1264)
   defining Unicode char U+04F1 (decimal 1265)
   defining Unicode char U+04F2 (decimal 1266)
   defining Unicode char U+04F3 (decimal 1267)
   defining Unicode char U+04F4 (decimal 1268)
   defining Unicode char U+04F5 (decimal 1269)
   defining Unicode char U+04F8 (decimal 1272)
   defining Unicode char U+04F9 (decimal 1273)
   defining Unicode char U+200C (decimal 8204)
   defining Unicode char U+2013 (decimal 8211)
   defining Unicode char U+2014 (decimal 8212)
   defining Unicode char U+2018 (decimal 8216)
   defining Unicode char U+2019 (decimal 8217)
   defining Unicode char U+201C (decimal 8220)
   defining Unicode char U+201D (decimal 8221)
   defining Unicode char U+201E (decimal 8222)
   defining Unicode char U+2030 (decimal 8240)
   defining Unicode char U+2031 (decimal 8241)
   defining Unicode char U+2116 (decimal 8470)
   defining Unicode char U+2329 (decimal 9001)
   defining Unicode char U+232A (decimal 9002)
   defining Unicode char U+2423 (decimal 9251)
)
   defining Unicode char U+00A9 (decimal 169)
   defining Unicode char U+00AA (decimal 170)
   defining Unicode char U+00AE (decimal 174)
   defining Unicode char U+00BA (decimal 186)
   defining Unicode char U+02C6 (decimal 710)
   defining Unicode char U+02DC (decimal 732)
   defining Unicode char U+200C (decimal 8204)
   defining Unicode char U+2026 (decimal 8230)
   defining Unicode char U+2122 (decimal 8482)
   defining Unicode char U+2423 (decimal 9251)
))
(/usr/share/texlive/texmf-dist/tex/latex/graphics/color.sty
Package: color 2005/11/14 v1.0j Standard LaTeX Color (DPC)

(/usr/share/texlive/texmf-dist/tex/latex/latexconfig/color.cfg
File: color.cfg 2007/01/18 v1.5 color configuration of teTeX/TeXLive
)
Package color Info: Driver file: pdftex.def on input line 130.

(/usr/share/texlive/texmf-dist/tex/latex/pdftex-def/pdftex.def
File: pdftex.def 2011/05/27 v0.06d Graphics/color for pdfTeX

(/usr/share/texlive/texmf-dist/tex/generic/oberdiek/infwarerr.sty
Package: infwarerr 2010/04/08 v1.3 Providing info/warning/error messages (HO)
)
(/usr/share/texlive/texmf-dist/tex/generic/oberdiek/ltxcmds.sty
Package: ltxcmds 2011/11/09 v1.22 LaTeX kernel commands for general use (HO)
)
\Gread@gobject=\count88
))
(/usr/share/texlive/texmf-dist/tex/latex/amsfonts/amssymb.sty
Package: amssymb 2009/06/22 v3.00

(/usr/share/texlive/texmf-dist/tex/latex/amsfonts/amsfonts.sty
Package: amsfonts 2009/06/22 v3.00 Basic AMSFonts support
\@emptytoks=\toks16
\symAMSa=\mathgroup5
\symAMSb=\mathgroup6
LaTeX Font Info:    Overwriting math alphabet `\mathfrak' in version `bold'
(Font)                  U/euf/m/n --> U/euf/b/n on input line 96.
))
(/usr/share/texlive/texmf-dist/tex/latex/amsmath/amsmath.sty
Package: amsmath 2000/07/18 v2.13 AMS math features
\@mathmargin=\skip43

For additional information on amsmath, use the `?' option.
(/usr/share/texlive/texmf-dist/tex/latex/amsmath/amstext.sty
Package: amstext 2000/06/29 v2.01

(/usr/share/texlive/texmf-dist/tex/latex/amsmath/amsgen.sty
File: amsgen.sty 1999/11/30 v2.0
\@emptytoks=\toks17
\ex@=\dimen104
))
(/usr/share/texlive/texmf-dist/tex/latex/amsmath/amsbsy.sty
Package: amsbsy 1999/11/29 v1.2d
\pmbraise@=\dimen105
)
(/usr/share/texlive/texmf-dist/tex/latex/amsmath/amsopn.sty
Package: amsopn 1999/12/14 v2.01 operator names
)
\inf@bad=\count89
LaTeX Info: Redefining \frac on input line 211.
\uproot@=\count90
\leftroot@=\count91
LaTeX Info: Redefining \overline on input line 307.
\classnum@=\count92
\DOTSCASE@=\count93
LaTeX Info: Redefining \ldots on input line 379.
LaTeX Info: Redefining \dots on input line 382.
LaTeX Info: Redefining \cdots on input line 467.
\Mathstrutbox@=\box26
\strutbox@=\box27
\big@size=\dimen106
LaTeX Font Info:    Redeclaring font encoding OML on input line 567.
LaTeX Font Info:    Redeclaring font encoding OMS on input line 568.
\macc@depth=\count94
\c@MaxMatrixCols=\count95
\dotsspace@=\muskip10
\c@parentequation=\count96
\dspbrk@lvl=\count97
\tag@help=\toks18
\row@=\count98
\column@=\count99
\maxfields@=\count100
\andhelp@=\toks19
\eqnshift@=\dimen107
\alignsep@=\dimen108
\tagshift@=\dimen109
\tagwidth@=\dimen110
\totwidth@=\dimen111
\lineht@=\dimen112
\@envbody=\toks20
\multlinegap=\skip44
\multlinetaggap=\skip45
\mathdisplay@stack=\toks21
LaTeX Info: Redefining \[ on input line 2666.
LaTeX Info: Redefining \] on input line 2667.
)
(/usr/share/texlive/texmf-dist/tex/latex/graphics/graphicx.sty
Package: graphicx 1999/02/16 v1.0f Enhanced LaTeX Graphics (DPC,SPQR)

(/usr/share/texlive/texmf-dist/tex/latex/graphics/keyval.sty
Package: keyval 1999/03/16 v1.13 key=value parser (DPC)
\KV@toks@=\toks22
)
(/usr/share/texlive/texmf-dist/tex/latex/graphics/graphics.sty
Package: graphics 2009/02/05 v1.0o Standard LaTeX Graphics (DPC,SPQR)

(/usr/share/texlive/texmf-dist/tex/latex/graphics/trig.sty
Package: trig 1999/03/16 v1.09 sin cos tan (DPC)
)
(/usr/share/texlive/texmf-dist/tex/latex/latexconfig/graphics.cfg
File: graphics.cfg 2010/04/23 v1.9 graphics configuration of TeX Live
)
Package graphics Info: Driver file: pdftex.def on input line 91.
)
\Gin@req@height=\dimen113
\Gin@req@width=\dimen114
)
(/usr/share/texlive/texmf-dist/tex/latex/tools/multicol.sty
Package: multicol 2011/06/27 v1.7a multicolumn formatting (FMi)
\c@tracingmulticols=\count101
\mult@box=\box28
\multicol@leftmargin=\dimen115
\c@unbalance=\count102
\c@collectmore=\count103
\doublecol@number=\count104
\multicoltolerance=\count105
\multicolpretolerance=\count106
\full@width=\dimen116
\page@free=\dimen117
\premulticols=\dimen118
\postmulticols=\dimen119
\multicolsep=\skip46
\multicolbaselineskip=\skip47
\partial@page=\box29
\last@line=\box30
\mult@rightbox=\box31
\mult@grightbox=\box32
\mult@gfirstbox=\box33
\mult@firstbox=\box34
\@tempa=\box35
\@tempa=\box36
\@tempa=\box37
\@tempa=\box38
\@tempa=\box39
\@tempa=\box40
\@tempa=\box41
\@tempa=\box42
\@tempa=\box43
\@tempa=\box44
\@tempa=\box45
\@tempa=\box46
\@tempa=\box47
\@tempa=\box48
\@tempa=\box49
\@tempa=\box50
\@tempa=\box51
\c@columnbadness=\count107
\c@finalcolumnbadness=\count108
\last@try=\dimen120
\multicolovershoot=\dimen121
\multicolundershoot=\dimen122
\mult@nat@firstbox=\box52
\colbreak@box=\box53
\multicol@sort@counter=\count109
)
(./Macoma_dynamic_White_sea.aux)
\openout1 = `Macoma_dynamic_White_sea.aux'.

LaTeX Font Info:    Checking defaults for OML/cmm/m/it on input line 31.
LaTeX Font Info:    ... okay on input line 31.
LaTeX Font Info:    Checking defaults for T1/cmr/m/n on input line 31.
LaTeX Font Info:    ... okay on input line 31.
LaTeX Font Info:    Checking defaults for OT1/cmr/m/n on input line 31.
LaTeX Font Info:    ... okay on input line 31.
LaTeX Font Info:    Checking defaults for OMS/cmsy/m/n on input line 31.
LaTeX Font Info:    ... okay on input line 31.
LaTeX Font Info:    Checking defaults for OMX/cmex/m/n on input line 31.
LaTeX Font Info:    ... okay on input line 31.
LaTeX Font Info:    Checking defaults for U/cmr/m/n on input line 31.
LaTeX Font Info:    ... okay on input line 31.
LaTeX Font Info:    Checking defaults for T2A/cmr/m/n on input line 31.
LaTeX Font Info:    ... okay on input line 31.

(/usr/share/texlive/texmf-dist/tex/context/base/supp-pdf.mkii
[Loading MPS to PDF converter (version 2006.09.02).]
\scratchcounter=\count110
\scratchdimen=\dimen123
\scratchbox=\box54
\nofMPsegments=\count111
\nofMParguments=\count112
\everyMPshowfont=\toks23
\MPscratchCnt=\count113
\MPscratchDim=\dimen124
\MPnumerator=\count114
\makeMPintoPDFobject=\count115
\everyMPtoPDFconversion=\toks24
) (/usr/share/texlive/texmf-dist/tex/generic/oberdiek/pdftexcmds.sty
Package: pdftexcmds 2011/11/29 v0.20 Utility functions of pdfTeX for LuaTeX (HO
)

(/usr/share/texlive/texmf-dist/tex/generic/oberdiek/ifluatex.sty
Package: ifluatex 2010/03/01 v1.3 Provides the ifluatex switch (HO)
Package ifluatex Info: LuaTeX not detected.
)
(/usr/share/texlive/texmf-dist/tex/generic/oberdiek/ifpdf.sty
Package: ifpdf 2011/01/30 v2.3 Provides the ifpdf switch (HO)
Package ifpdf Info: pdfTeX in PDF mode is detected.
)
Package pdftexcmds Info: LuaTeX not detected.
Package pdftexcmds Info: \pdf@primitive is available.
Package pdftexcmds Info: \pdf@ifprimitive is available.
Package pdftexcmds Info: \pdfdraftmode found.
)
(/usr/share/texlive/texmf-dist/tex/latex/oberdiek/epstopdf-base.sty
Package: epstopdf-base 2010/02/09 v2.5 Base part for package epstopdf

(/usr/share/texlive/texmf-dist/tex/latex/oberdiek/grfext.sty
Package: grfext 2010/08/19 v1.1 Manage graphics extensions (HO)

(/usr/share/texlive/texmf-dist/tex/generic/oberdiek/kvdefinekeys.sty
Package: kvdefinekeys 2011/04/07 v1.3 Define keys (HO)
))
(/usr/share/texlive/texmf-dist/tex/latex/oberdiek/kvoptions.sty
Package: kvoptions 2011/06/30 v3.11 Key value format for package options (HO)

(/usr/share/texlive/texmf-dist/tex/generic/oberdiek/kvsetkeys.sty
Package: kvsetkeys 2012/04/25 v1.16 Key value parser (HO)

(/usr/share/texlive/texmf-dist/tex/generic/oberdiek/etexcmds.sty
Package: etexcmds 2011/02/16 v1.5 Avoid name clashes with e-TeX commands (HO)
Package etexcmds Info: Could not find \expanded.
(etexcmds)             That can mean that you are not using pdfTeX 1.50 or
(etexcmds)             that some package has redefined \expanded.
(etexcmds)             In the latter case, load this package earlier.
)))
Package grfext Info: Graphics extension search list:
(grfext)             [.png,.pdf,.jpg,.mps,.jpeg,.jbig2,.jb2,.PNG,.PDF,.JPG,.JPE
G,.JBIG2,.JB2,.eps]
(grfext)             \AppendGraphicsExtensions on input line 452.

(/usr/share/texlive/texmf-dist/tex/latex/latexconfig/epstopdf-sys.cfg
File: epstopdf-sys.cfg 2010/07/13 v1.3 Configuration of (r)epstopdf for TeX Liv
e
))
LaTeX Font Info:    Try loading font information for U+msa on input line 33.

(/usr/share/texlive/texmf-dist/tex/latex/amsfonts/umsa.fd
File: umsa.fd 2009/06/22 v3.00 AMS symbols A
)
LaTeX Font Info:    Try loading font information for U+msb on input line 33.

(/usr/share/texlive/texmf-dist/tex/latex/amsfonts/umsb.fd
File: umsb.fd 2009/06/22 v3.00 AMS symbols B
)

LaTeX Warning: Reference `ris:map_Kandalaksha' on page 1 undefined on input lin
e 49.


Underfull \hbox (badness 10000) in paragraph at lines 55--55
[]\T2A/cmr/m/n/12 годы на-блю-де-
 []


Underfull \hbox (badness 10000) in paragraph at lines 55--55
[]\T2A/cmr/m/n/12 обследованные
 []


Underfull \hbox (badness 10000) in paragraph at lines 55--55
\T2A/cmr/m/n/12 в од-но-крат-ной
 []


Underfull \hbox (badness 2707) in paragraph at lines 55--55
[]\T2A/cmr/m/n/12 площадь про-бо-
 []


Underfull \hbox (badness 1331) in paragraph at lines 56--56
[]\T2A/cmr/m/n/12 о. √о-ре-лый Ћу-
 []


Underfull \hbox (badness 3168) in paragraph at lines 57--57
[]\T2A/cmr/m/n/12 1992-2000, 2002,
 []


Underfull \hbox (badness 10000) in paragraph at lines 59--59
\T2A/cmr/m/n/12 ной –€ш-ко-вой
 []


Underfull \hbox (badness 1270) in paragraph at lines 60--60
[]\T2A/cmr/m/n/12 ёжна€ гу-ба о.
 []


Overfull \hbox (59.99304pt too wide) in paragraph at lines 54--63
[][] 
 []

[1

{/var/lib/texmf/fonts/map/pdftex/updmap/pdftex.map}] [2]
<../White_Sea/Luvenga_Goreliy/N2_dynamic.pdf, id=22, 505.89pt x 505.89pt>
File: ../White_Sea/Luvenga_Goreliy/N2_dynamic.pdf Graphic file (type pdf)

<use ../White_Sea/Luvenga_Goreliy/N2_dynamic.pdf>
Package pdftex.def Info: ../White_Sea/Luvenga_Goreliy/N2_dynamic.pdf used on in
put line 115.
(pdftex.def)             Requested size: 184.9429pt x 184.9455pt.

<../White_Sea//Luvenga_II_razrez/N2_dynamic.pdf, id=23, 505.89pt x 505.89pt>
File: ../White_Sea//Luvenga_II_razrez/N2_dynamic.pdf Graphic file (type pdf)

<use ../White_Sea//Luvenga_II_razrez/N2_dynamic.pdf>
Package pdftex.def Info: ../White_Sea//Luvenga_II_razrez/N2_dynamic.pdf used on
 input line 124.
(pdftex.def)             Requested size: 184.9429pt x 184.9455pt.

<../White_Sea/Estuatiy_Luvenga/N2_dynamic.pdf, id=24, 505.89pt x 505.89pt>
File: ../White_Sea/Estuatiy_Luvenga/N2_dynamic.pdf Graphic file (type pdf)

<use ../White_Sea/Estuatiy_Luvenga/N2_dynamic.pdf>
Package pdftex.def Info: ../White_Sea/Estuatiy_Luvenga/N2_dynamic.pdf used on i
nput line 135.
(pdftex.def)             Requested size: 184.9429pt x 184.9455pt.

<../White_Sea/Ryashkov_ZRS/N2_dynamic.pdf, id=25, 505.89pt x 505.89pt>
File: ../White_Sea/Ryashkov_ZRS/N2_dynamic.pdf Graphic file (type pdf)

<use ../White_Sea/Ryashkov_ZRS/N2_dynamic.pdf>
Package pdftex.def Info: ../White_Sea/Ryashkov_ZRS/N2_dynamic.pdf used on input
 line 144.
(pdftex.def)             Requested size: 184.9429pt x 184.9455pt.

<../White_Sea/Ryashkov_YuG/N2_dynamic.pdf, id=26, 505.89pt x 505.89pt>
File: ../White_Sea/Ryashkov_YuG/N2_dynamic.pdf Graphic file (type pdf)

<use ../White_Sea/Ryashkov_YuG/N2_dynamic.pdf>
Package pdftex.def Info: ../White_Sea/Ryashkov_YuG/N2_dynamic.pdf used on input
 line 154.
(pdftex.def)             Requested size: 184.9429pt x 184.9455pt.

<../White_Sea/Lomnishniy/N2_dynamic.pdf, id=27, 505.89pt x 505.89pt>
File: ../White_Sea/Lomnishniy/N2_dynamic.pdf Graphic file (type pdf)

<use ../White_Sea/Lomnishniy/N2_dynamic.pdf>
Package pdftex.def Info: ../White_Sea/Lomnishniy/N2_dynamic.pdf used on input l
ine 163.
(pdftex.def)             Requested size: 184.9429pt x 184.9455pt.


LaTeX Warning: `h' float specifier changed to `ht'.


<../White_Sea/Estuatiy_Luvenga/sizestr2_1992_.pdf, id=28, 505.89pt x 505.89pt>
File: ../White_Sea/Estuatiy_Luvenga/sizestr2_1992_.pdf Graphic file (type pdf)

<use ../White_Sea/Estuatiy_Luvenga/sizestr2_1992_.pdf>
Package pdftex.def Info: ../White_Sea/Estuatiy_Luvenga/sizestr2_1992_.pdf used 
on input line 187.
(pdftex.def)             Requested size: 184.9429pt x 184.9455pt.

<../White_Sea/Estuatiy_Luvenga/sizestr2_1995_.pdf, id=29, 505.89pt x 505.89pt>
File: ../White_Sea/Estuatiy_Luvenga/sizestr2_1995_.pdf Graphic file (type pdf)

<use ../White_Sea/Estuatiy_Luvenga/sizestr2_1995_.pdf>
Package pdftex.def Info: ../White_Sea/Estuatiy_Luvenga/sizestr2_1995_.pdf used 
on input line 189.
(pdftex.def)             Requested size: 184.9429pt x 184.9455pt.

Overfull \hbox (39.86154pt too wide) in paragraph at lines 186--190
[] []
 []


Overfull \hbox (39.86154pt too wide) in paragraph at lines 186--190
[] 
 []


<../White_Sea/Estuatiy_Luvenga/sizestr2_1998_.pdf, id=30, 505.89pt x 505.89pt>
File: ../White_Sea/Estuatiy_Luvenga/sizestr2_1998_.pdf Graphic file (type pdf)

<use ../White_Sea/Estuatiy_Luvenga/sizestr2_1998_.pdf>
Package pdftex.def Info: ../White_Sea/Estuatiy_Luvenga/sizestr2_1998_.pdf used 
on input line 192.
(pdftex.def)             Requested size: 184.9429pt x 184.9455pt.

Overfull \hbox (39.86154pt too wide) in paragraph at lines 191--193
[] [] 
 []


<../White_Sea/Estuatiy_Luvenga/sizestr2_1993_.pdf, id=31, 505.89pt x 505.89pt>
File: ../White_Sea/Estuatiy_Luvenga/sizestr2_1993_.pdf Graphic file (type pdf)

<use ../White_Sea/Estuatiy_Luvenga/sizestr2_1993_.pdf>
Package pdftex.def Info: ../White_Sea/Estuatiy_Luvenga/sizestr2_1993_.pdf used 
on input line 201.
(pdftex.def)             Requested size: 184.9429pt x 184.9455pt.

<../White_Sea/Estuatiy_Luvenga/sizestr2_1996_.pdf, id=32, 505.89pt x 505.89pt>
File: ../White_Sea/Estuatiy_Luvenga/sizestr2_1996_.pdf Graphic file (type pdf)

<use ../White_Sea/Estuatiy_Luvenga/sizestr2_1996_.pdf>
Package pdftex.def Info: ../White_Sea/Estuatiy_Luvenga/sizestr2_1996_.pdf used 
on input line 203.
(pdftex.def)             Requested size: 184.9429pt x 184.9455pt.

<../White_Sea/Estuatiy_Luvenga/sizestr2_1999_.pdf, id=33, 505.89pt x 505.89pt>
File: ../White_Sea/Estuatiy_Luvenga/sizestr2_1999_.pdf Graphic file (type pdf)

<use ../White_Sea/Estuatiy_Luvenga/sizestr2_1999_.pdf>
Package pdftex.def Info: ../White_Sea/Estuatiy_Luvenga/sizestr2_1999_.pdf used 
on input line 205.
(pdftex.def)             Requested size: 184.9429pt x 184.9455pt.

Overfull \hbox (39.86154pt too wide) in paragraph at lines 200--206
[] []
 []


Overfull \hbox (39.86154pt too wide) in paragraph at lines 200--206
[]
 []


Overfull \hbox (39.86154pt too wide) in paragraph at lines 200--206
[] 
 []


<../White_Sea/Estuatiy_Luvenga/sizestr2_1994_.pdf, id=34, 505.89pt x 505.89pt>
File: ../White_Sea/Estuatiy_Luvenga/sizestr2_1994_.pdf Graphic file (type pdf)

<use ../White_Sea/Estuatiy_Luvenga/sizestr2_1994_.pdf>
Package pdftex.def Info: ../White_Sea/Estuatiy_Luvenga/sizestr2_1994_.pdf used 
on input line 213.
(pdftex.def)             Requested size: 184.9429pt x 184.9455pt.

<../White_Sea/Estuatiy_Luvenga/sizestr2_1997_.pdf, id=35, 505.89pt x 505.89pt>
File: ../White_Sea/Estuatiy_Luvenga/sizestr2_1997_.pdf Graphic file (type pdf)

<use ../White_Sea/Estuatiy_Luvenga/sizestr2_1997_.pdf>
Package pdftex.def Info: ../White_Sea/Estuatiy_Luvenga/sizestr2_1997_.pdf used 
on input line 215.
(pdftex.def)             Requested size: 184.9429pt x 184.9455pt.

<../White_Sea/Estuatiy_Luvenga/sizestr2_2000_.pdf, id=36, 505.89pt x 505.89pt>
File: ../White_Sea/Estuatiy_Luvenga/sizestr2_2000_.pdf Graphic file (type pdf)

<use ../White_Sea/Estuatiy_Luvenga/sizestr2_2000_.pdf>
Package pdftex.def Info: ../White_Sea/Estuatiy_Luvenga/sizestr2_2000_.pdf used 
on input line 217.
(pdftex.def)             Requested size: 184.9429pt x 184.9455pt.

Overfull \hbox (39.86154pt too wide) in paragraph at lines 212--218
[] []
 []


Overfull \hbox (39.86154pt too wide) in paragraph at lines 212--218
[]
 []


Overfull \hbox (39.86154pt too wide) in paragraph at lines 212--218
[] 
 []


LaTeX Warning: `h' float specifier changed to `ht'.


<../White_Sea/Estuatiy_Luvenga/sizestr2_2001_.pdf, id=37, 505.89pt x 505.89pt>
File: ../White_Sea/Estuatiy_Luvenga/sizestr2_2001_.pdf Graphic file (type pdf)

<use ../White_Sea/Estuatiy_Luvenga/sizestr2_2001_.pdf>
Package pdftex.def Info: ../White_Sea/Estuatiy_Luvenga/sizestr2_2001_.pdf used 
on input line 232.
(pdftex.def)             Requested size: 184.9429pt x 184.9455pt.

<../White_Sea/Estuatiy_Luvenga/sizestr2_2004_.pdf, id=38, 505.89pt x 505.89pt>
File: ../White_Sea/Estuatiy_Luvenga/sizestr2_2004_.pdf Graphic file (type pdf)

<use ../White_Sea/Estuatiy_Luvenga/sizestr2_2004_.pdf>
Package pdftex.def Info: ../White_Sea/Estuatiy_Luvenga/sizestr2_2004_.pdf used 
on input line 234.
(pdftex.def)             Requested size: 184.9429pt x 184.9455pt.

<../White_Sea/Estuatiy_Luvenga/sizestr2_2007_.pdf, id=39, 505.89pt x 505.89pt>
File: ../White_Sea/Estuatiy_Luvenga/sizestr2_2007_.pdf Graphic file (type pdf)

<use ../White_Sea/Estuatiy_Luvenga/sizestr2_2007_.pdf>
Package pdftex.def Info: ../White_Sea/Estuatiy_Luvenga/sizestr2_2007_.pdf used 
on input line 236.
(pdftex.def)             Requested size: 184.9429pt x 184.9455pt.

Overfull \hbox (39.86154pt too wide) in paragraph at lines 231--237
[] []
 []


Overfull \hbox (39.86154pt too wide) in paragraph at lines 231--237
[]
 []


Overfull \hbox (39.86154pt too wide) in paragraph at lines 231--237
[] 
 []


<../White_Sea/Estuatiy_Luvenga/sizestr2_2002_.pdf, id=40, 505.89pt x 505.89pt>
File: ../White_Sea/Estuatiy_Luvenga/sizestr2_2002_.pdf Graphic file (type pdf)

<use ../White_Sea/Estuatiy_Luvenga/sizestr2_2002_.pdf>
Package pdftex.def Info: ../White_Sea/Estuatiy_Luvenga/sizestr2_2002_.pdf used 
on input line 241.
(pdftex.def)             Requested size: 184.9429pt x 184.9455pt.

<../White_Sea/Estuatiy_Luvenga/sizestr2_2005_.pdf, id=41, 505.89pt x 505.89pt>
File: ../White_Sea/Estuatiy_Luvenga/sizestr2_2005_.pdf Graphic file (type pdf)

<use ../White_Sea/Estuatiy_Luvenga/sizestr2_2005_.pdf>
Package pdftex.def Info: ../White_Sea/Estuatiy_Luvenga/sizestr2_2005_.pdf used 
on input line 243.
(pdftex.def)             Requested size: 184.9429pt x 184.9455pt.

<../White_Sea/Estuatiy_Luvenga/sizestr2_2008_.pdf, id=42, 505.89pt x 505.89pt>
File: ../White_Sea/Estuatiy_Luvenga/sizestr2_2008_.pdf Graphic file (type pdf)

<use ../White_Sea/Estuatiy_Luvenga/sizestr2_2008_.pdf>
Package pdftex.def Info: ../White_Sea/Estuatiy_Luvenga/sizestr2_2008_.pdf used 
on input line 245.
(pdftex.def)             Requested size: 184.9429pt x 184.9455pt.

Overfull \hbox (39.86154pt too wide) in paragraph at lines 240--246
[] []
 []


Overfull \hbox (39.86154pt too wide) in paragraph at lines 240--246
[]
 []


Overfull \hbox (39.86154pt too wide) in paragraph at lines 240--246
[] 
 []


<../White_Sea/Estuatiy_Luvenga/sizestr2_2003_.pdf, id=43, 505.89pt x 505.89pt>
File: ../White_Sea/Estuatiy_Luvenga/sizestr2_2003_.pdf Graphic file (type pdf)

<use ../White_Sea/Estuatiy_Luvenga/sizestr2_2003_.pdf>
Package pdftex.def Info: ../White_Sea/Estuatiy_Luvenga/sizestr2_2003_.pdf used 
on input line 253.
(pdftex.def)             Requested size: 184.9429pt x 184.9455pt.

<../White_Sea/Estuatiy_Luvenga/sizestr2_2006_.pdf, id=44, 505.89pt x 505.89pt>
File: ../White_Sea/Estuatiy_Luvenga/sizestr2_2006_.pdf Graphic file (type pdf)

<use ../White_Sea/Estuatiy_Luvenga/sizestr2_2006_.pdf>
Package pdftex.def Info: ../White_Sea/Estuatiy_Luvenga/sizestr2_2006_.pdf used 
on input line 255.
(pdftex.def)             Requested size: 184.9429pt x 184.9455pt.

<../White_Sea/Estuatiy_Luvenga/sizestr2_2009_.pdf, id=45, 505.89pt x 505.89pt>
File: ../White_Sea/Estuatiy_Luvenga/sizestr2_2009_.pdf Graphic file (type pdf)

<use ../White_Sea/Estuatiy_Luvenga/sizestr2_2009_.pdf>
Package pdftex.def Info: ../White_Sea/Estuatiy_Luvenga/sizestr2_2009_.pdf used 
on input line 257.
(pdftex.def)             Requested size: 184.9429pt x 184.9455pt.

Overfull \hbox (39.86154pt too wide) in paragraph at lines 252--258
[] []
 []


Overfull \hbox (39.86154pt too wide) in paragraph at lines 252--258
[]
 []


Overfull \hbox (39.86154pt too wide) in paragraph at lines 252--258
[] 
 []


LaTeX Warning: `h' float specifier changed to `ht'.


<../White_Sea/Estuatiy_Luvenga/sizestr2_2010_.pdf, id=46, 505.89pt x 505.89pt>
File: ../White_Sea/Estuatiy_Luvenga/sizestr2_2010_.pdf Graphic file (type pdf)

<use ../White_Sea/Estuatiy_Luvenga/sizestr2_2010_.pdf>
Package pdftex.def Info: ../White_Sea/Estuatiy_Luvenga/sizestr2_2010_.pdf used 
on input line 276.
(pdftex.def)             Requested size: 184.9429pt x 184.9455pt.

Overfull \hbox (39.86154pt too wide) in paragraph at lines 275--281
[] []
 []


Underfull \hbox (badness 10000) in paragraph at lines 275--281

 []


Overfull \vbox (129.4455pt too high) detected at line 281
 []


Overfull \vbox (128.4455pt too high) detected at line 281
 []


Overfull \vbox (127.4455pt too high) detected at line 281
 []


Overfull \vbox (126.4455pt too high) detected at line 281
 []


Overfull \vbox (125.4455pt too high) detected at line 281
 []


Overfull \vbox (124.4455pt too high) detected at line 281
 []


Overfull \vbox (123.4455pt too high) detected at line 281
 []


Overfull \vbox (122.4455pt too high) detected at line 281
 []


Overfull \vbox (121.4455pt too high) detected at line 281
 []


Overfull \vbox (120.4455pt too high) detected at line 281
 []


Overfull \vbox (119.4455pt too high) detected at line 281
 []


Overfull \vbox (118.4455pt too high) detected at line 281
 []


Overfull \vbox (117.4455pt too high) detected at line 281
 []


Overfull \vbox (116.4455pt too high) detected at line 281
 []


Overfull \vbox (115.4455pt too high) detected at line 281
 []


Overfull \vbox (114.4455pt too high) detected at line 281
 []


Overfull \vbox (113.4455pt too high) detected at line 281
 []


Overfull \vbox (112.4455pt too high) detected at line 281
 []


Overfull \vbox (111.4455pt too high) detected at line 281
 []


Overfull \vbox (110.4455pt too high) detected at line 281
 []


Overfull \vbox (109.4455pt too high) detected at line 281
 []


Overfull \vbox (108.4455pt too high) detected at line 281
 []


Overfull \vbox (107.4455pt too high) detected at line 281
 []


Overfull \vbox (106.4455pt too high) detected at line 281
 []


Overfull \vbox (105.4455pt too high) detected at line 281
 []


Overfull \vbox (104.4455pt too high) detected at line 281
 []


Overfull \vbox (103.4455pt too high) detected at line 281
 []


Overfull \vbox (102.4455pt too high) detected at line 281
 []


Overfull \vbox (101.4455pt too high) detected at line 281
 []


Overfull \vbox (100.4455pt too high) detected at line 281
 []


Overfull \vbox (99.4455pt too high) detected at line 281
 []


Overfull \vbox (98.4455pt too high) detected at line 281
 []


Overfull \vbox (97.4455pt too high) detected at line 281
 []


Overfull \vbox (96.4455pt too high) detected at line 281
 []


Overfull \vbox (95.4455pt too high) detected at line 281
 []


Overfull \vbox (94.4455pt too high) detected at line 281
 []


Overfull \vbox (93.4455pt too high) detected at line 281
 []


Overfull \vbox (92.4455pt too high) detected at line 281
 []


Overfull \vbox (91.4455pt too high) detected at line 281
 []


Overfull \vbox (90.4455pt too high) detected at line 281
 []


Overfull \vbox (89.4455pt too high) detected at line 281
 []


Overfull \vbox (88.4455pt too high) detected at line 281
 []


Overfull \vbox (87.4455pt too high) detected at line 281
 []


Overfull \vbox (86.4455pt too high) detected at line 281
 []


Overfull \vbox (85.4455pt too high) detected at line 281
 []


Overfull \vbox (84.4455pt too high) detected at line 281
 []


Overfull \vbox (83.4455pt too high) detected at line 281
 []


Overfull \vbox (82.4455pt too high) detected at line 281
 []


Overfull \vbox (81.4455pt too high) detected at line 281
 []


Overfull \vbox (80.4455pt too high) detected at line 281
 []


Overfull \vbox (79.4455pt too high) detected at line 281
 []


Overfull \vbox (78.4455pt too high) detected at line 281
 []


Overfull \vbox (77.4455pt too high) detected at line 281
 []


Overfull \vbox (76.4455pt too high) detected at line 281
 []


Overfull \vbox (75.4455pt too high) detected at line 281
 []


Overfull \vbox (74.4455pt too high) detected at line 281
 []


Overfull \vbox (73.4455pt too high) detected at line 281
 []


Overfull \vbox (72.4455pt too high) detected at line 281
 []


Overfull \vbox (71.4455pt too high) detected at line 281
 []


Overfull \vbox (70.4455pt too high) detected at line 281
 []


Overfull \vbox (69.4455pt too high) detected at line 281
 []


Overfull \vbox (68.4455pt too high) detected at line 281
 []


Overfull \vbox (67.4455pt too high) detected at line 281
 []


Overfull \vbox (66.4455pt too high) detected at line 281
 []


Overfull \vbox (65.4455pt too high) detected at line 281
 []


Overfull \vbox (64.4455pt too high) detected at line 281
 []


Overfull \vbox (63.4455pt too high) detected at line 281
 []


Overfull \vbox (62.4455pt too high) detected at line 281
 []


Overfull \vbox (61.4455pt too high) detected at line 281
 []


Overfull \vbox (60.4455pt too high) detected at line 281
 []


Overfull \vbox (59.4455pt too high) detected at line 281
 []


Overfull \vbox (58.4455pt too high) detected at line 281
 []


Overfull \vbox (57.4455pt too high) detected at line 281
 []


Overfull \vbox (56.4455pt too high) detected at line 281
 []


Overfull \vbox (55.4455pt too high) detected at line 281
 []


Overfull \vbox (54.4455pt too high) detected at line 281
 []


Overfull \vbox (53.4455pt too high) detected at line 281
 []


Overfull \vbox (52.4455pt too high) detected at line 281
 []


Overfull \vbox (51.4455pt too high) detected at line 281
 []


Overfull \vbox (50.4455pt too high) detected at line 281
 []


Overfull \vbox (49.4455pt too high) detected at line 281
 []


Overfull \vbox (48.4455pt too high) detected at line 281
 []


Overfull \vbox (47.4455pt too high) detected at line 281
 []


Overfull \vbox (46.4455pt too high) detected at line 281
 []


Overfull \vbox (45.4455pt too high) detected at line 281
 []


Overfull \vbox (44.4455pt too high) detected at line 281
 []


<../White_Sea/Estuatiy_Luvenga/sizestr2_2011_.pdf, id=47, 505.89pt x 505.89pt>
File: ../White_Sea/Estuatiy_Luvenga/sizestr2_2011_.pdf Graphic file (type pdf)

<use ../White_Sea/Estuatiy_Luvenga/sizestr2_2011_.pdf>
Package pdftex.def Info: ../White_Sea/Estuatiy_Luvenga/sizestr2_2011_.pdf used 
on input line 285.
(pdftex.def)             Requested size: 184.9429pt x 184.9455pt.

Overfull \hbox (39.86154pt too wide) in paragraph at lines 284--290
[] [] 
 []


Overfull \vbox (129.4455pt too high) detected at line 290
 []


Overfull \vbox (128.4455pt too high) detected at line 290
 []


Overfull \vbox (127.4455pt too high) detected at line 290
 []


Overfull \vbox (126.4455pt too high) detected at line 290
 []


Overfull \vbox (125.4455pt too high) detected at line 290
 []


Overfull \vbox (124.4455pt too high) detected at line 290
 []


Overfull \vbox (123.4455pt too high) detected at line 290
 []


Overfull \vbox (122.4455pt too high) detected at line 290
 []


Overfull \vbox (121.4455pt too high) detected at line 290
 []


Overfull \vbox (120.4455pt too high) detected at line 290
 []


Overfull \vbox (119.4455pt too high) detected at line 290
 []


Overfull \vbox (118.4455pt too high) detected at line 290
 []


Overfull \vbox (117.4455pt too high) detected at line 290
 []


Overfull \vbox (116.4455pt too high) detected at line 290
 []


Overfull \vbox (115.4455pt too high) detected at line 290
 []


Overfull \vbox (114.4455pt too high) detected at line 290
 []


Overfull \vbox (113.4455pt too high) detected at line 290
 []


Overfull \vbox (112.4455pt too high) detected at line 290
 []


Overfull \vbox (111.4455pt too high) detected at line 290
 []


Overfull \vbox (110.4455pt too high) detected at line 290
 []


Overfull \vbox (109.4455pt too high) detected at line 290
 []


Overfull \vbox (108.4455pt too high) detected at line 290
 []


Overfull \vbox (107.4455pt too high) detected at line 290
 []


Overfull \vbox (106.4455pt too high) detected at line 290
 []


Overfull \vbox (105.4455pt too high) detected at line 290
 []


Overfull \vbox (104.4455pt too high) detected at line 290
 []


Overfull \vbox (103.4455pt too high) detected at line 290
 []


Overfull \vbox (102.4455pt too high) detected at line 290
 []


Overfull \vbox (101.4455pt too high) detected at line 290
 []


Overfull \vbox (100.4455pt too high) detected at line 290
 []


Overfull \vbox (99.4455pt too high) detected at line 290
 []


Overfull \vbox (98.4455pt too high) detected at line 290
 []


Overfull \vbox (97.4455pt too high) detected at line 290
 []


Overfull \vbox (96.4455pt too high) detected at line 290
 []


Overfull \vbox (95.4455pt too high) detected at line 290
 []


Overfull \vbox (94.4455pt too high) detected at line 290
 []


Overfull \vbox (93.4455pt too high) detected at line 290
 []


Overfull \vbox (92.4455pt too high) detected at line 290
 []


Overfull \vbox (91.4455pt too high) detected at line 290
 []


Overfull \vbox (90.4455pt too high) detected at line 290
 []


Overfull \vbox (89.4455pt too high) detected at line 290
 []


Overfull \vbox (88.4455pt too high) detected at line 290
 []


Overfull \vbox (87.4455pt too high) detected at line 290
 []


Overfull \vbox (86.4455pt too high) detected at line 290
 []


Overfull \vbox (85.4455pt too high) detected at line 290
 []


Overfull \vbox (84.4455pt too high) detected at line 290
 []


Overfull \vbox (83.4455pt too high) detected at line 290
 []


Overfull \vbox (82.4455pt too high) detected at line 290
 []


Overfull \vbox (81.4455pt too high) detected at line 290
 []


Overfull \vbox (80.4455pt too high) detected at line 290
 []


Overfull \vbox (79.4455pt too high) detected at line 290
 []


Overfull \vbox (78.4455pt too high) detected at line 290
 []


Overfull \vbox (77.4455pt too high) detected at line 290
 []


Overfull \vbox (76.4455pt too high) detected at line 290
 []


Overfull \vbox (75.4455pt too high) detected at line 290
 []


Overfull \vbox (74.4455pt too high) detected at line 290
 []


Overfull \vbox (73.4455pt too high) detected at line 290
 []


Overfull \vbox (72.4455pt too high) detected at line 290
 []


Overfull \vbox (71.4455pt too high) detected at line 290
 []


Overfull \vbox (70.4455pt too high) detected at line 290
 []


Overfull \vbox (69.4455pt too high) detected at line 290
 []


Overfull \vbox (68.4455pt too high) detected at line 290
 []


Overfull \vbox (67.4455pt too high) detected at line 290
 []


Overfull \vbox (66.4455pt too high) detected at line 290
 []


Overfull \vbox (65.4455pt too high) detected at line 290
 []


Overfull \vbox (64.4455pt too high) detected at line 290
 []


Overfull \vbox (63.4455pt too high) detected at line 290
 []


Overfull \vbox (62.4455pt too high) detected at line 290
 []


Overfull \vbox (61.4455pt too high) detected at line 290
 []


Overfull \vbox (60.4455pt too high) detected at line 290
 []


Overfull \vbox (59.4455pt too high) detected at line 290
 []


Overfull \vbox (58.4455pt too high) detected at line 290
 []


Overfull \vbox (57.4455pt too high) detected at line 290
 []


Overfull \vbox (56.4455pt too high) detected at line 290
 []


Overfull \vbox (55.4455pt too high) detected at line 290
 []


Overfull \vbox (54.4455pt too high) detected at line 290
 []


Overfull \vbox (53.4455pt too high) detected at line 290
 []


Overfull \vbox (52.4455pt too high) detected at line 290
 []


Overfull \vbox (51.4455pt too high) detected at line 290
 []


Overfull \vbox (50.4455pt too high) detected at line 290
 []


Overfull \vbox (49.4455pt too high) detected at line 290
 []


Overfull \vbox (48.4455pt too high) detected at line 290
 []


Overfull \vbox (47.4455pt too high) detected at line 290
 []


Overfull \vbox (46.4455pt too high) detected at line 290
 []


Overfull \vbox (45.4455pt too high) detected at line 290
 []


Overfull \vbox (44.4455pt too high) detected at line 290
 []


<../White_Sea/Estuatiy_Luvenga/sizestr2_2012_.pdf, id=48, 505.89pt x 505.89pt>
File: ../White_Sea/Estuatiy_Luvenga/sizestr2_2012_.pdf Graphic file (type pdf)

<use ../White_Sea/Estuatiy_Luvenga/sizestr2_2012_.pdf>
Package pdftex.def Info: ../White_Sea/Estuatiy_Luvenga/sizestr2_2012_.pdf used 
on input line 297.
(pdftex.def)             Requested size: 184.9429pt x 184.9455pt.

Overfull \hbox (39.86154pt too wide) in paragraph at lines 296--302
[] [] 
 []


Overfull \vbox (129.4455pt too high) detected at line 302
 []


Overfull \vbox (128.4455pt too high) detected at line 302
 []


Overfull \vbox (127.4455pt too high) detected at line 302
 []


Overfull \vbox (126.4455pt too high) detected at line 302
 []


Overfull \vbox (125.4455pt too high) detected at line 302
 []


Overfull \vbox (124.4455pt too high) detected at line 302
 []


Overfull \vbox (123.4455pt too high) detected at line 302
 []


Overfull \vbox (122.4455pt too high) detected at line 302
 []


Overfull \vbox (121.4455pt too high) detected at line 302
 []


Overfull \vbox (120.4455pt too high) detected at line 302
 []


Overfull \vbox (119.4455pt too high) detected at line 302
 []


Overfull \vbox (118.4455pt too high) detected at line 302
 []


Overfull \vbox (117.4455pt too high) detected at line 302
 []


Overfull \vbox (116.4455pt too high) detected at line 302
 []


Overfull \vbox (115.4455pt too high) detected at line 302
 []


Overfull \vbox (114.4455pt too high) detected at line 302
 []


Overfull \vbox (113.4455pt too high) detected at line 302
 []


Overfull \vbox (112.4455pt too high) detected at line 302
 []


Overfull \vbox (111.4455pt too high) detected at line 302
 []


Overfull \vbox (110.4455pt too high) detected at line 302
 []


Overfull \vbox (109.4455pt too high) detected at line 302
 []


Overfull \vbox (108.4455pt too high) detected at line 302
 []


Overfull \vbox (107.4455pt too high) detected at line 302
 []


Overfull \vbox (106.4455pt too high) detected at line 302
 []


Overfull \vbox (105.4455pt too high) detected at line 302
 []


Overfull \vbox (104.4455pt too high) detected at line 302
 []


Overfull \vbox (103.4455pt too high) detected at line 302
 []


Overfull \vbox (102.4455pt too high) detected at line 302
 []


Overfull \vbox (101.4455pt too high) detected at line 302
 []


Overfull \vbox (100.4455pt too high) detected at line 302
 []


Overfull \vbox (99.4455pt too high) detected at line 302
 []


Overfull \vbox (98.4455pt too high) detected at line 302
 []


Overfull \vbox (97.4455pt too high) detected at line 302
 []


Overfull \vbox (96.4455pt too high) detected at line 302
 []


Overfull \vbox (95.4455pt too high) detected at line 302
 []


Overfull \vbox (94.4455pt too high) detected at line 302
 []


Overfull \vbox (93.4455pt too high) detected at line 302
 []


Overfull \vbox (92.4455pt too high) detected at line 302
 []


Overfull \vbox (91.4455pt too high) detected at line 302
 []


Overfull \vbox (90.4455pt too high) detected at line 302
 []


Overfull \vbox (89.4455pt too high) detected at line 302
 []


Overfull \vbox (88.4455pt too high) detected at line 302
 []


Overfull \vbox (87.4455pt too high) detected at line 302
 []


Overfull \vbox (86.4455pt too high) detected at line 302
 []


Overfull \vbox (85.4455pt too high) detected at line 302
 []


Overfull \vbox (84.4455pt too high) detected at line 302
 []


Overfull \vbox (83.4455pt too high) detected at line 302
 []


Overfull \vbox (82.4455pt too high) detected at line 302
 []


Overfull \vbox (81.4455pt too high) detected at line 302
 []


Overfull \vbox (80.4455pt too high) detected at line 302
 []


Overfull \vbox (79.4455pt too high) detected at line 302
 []


Overfull \vbox (78.4455pt too high) detected at line 302
 []


Overfull \vbox (77.4455pt too high) detected at line 302
 []


Overfull \vbox (76.4455pt too high) detected at line 302
 []


Overfull \vbox (75.4455pt too high) detected at line 302
 []


Overfull \vbox (74.4455pt too high) detected at line 302
 []


Overfull \vbox (73.4455pt too high) detected at line 302
 []


Overfull \vbox (72.4455pt too high) detected at line 302
 []


Overfull \vbox (71.4455pt too high) detected at line 302
 []


Overfull \vbox (70.4455pt too high) detected at line 302
 []


Overfull \vbox (69.4455pt too high) detected at line 302
 []


Overfull \vbox (68.4455pt too high) detected at line 302
 []


Overfull \vbox (67.4455pt too high) detected at line 302
 []


Overfull \vbox (66.4455pt too high) detected at line 302
 []


Overfull \vbox (65.4455pt too high) detected at line 302
 []


Overfull \vbox (64.4455pt too high) detected at line 302
 []


Overfull \vbox (63.4455pt too high) detected at line 302
 []


Overfull \vbox (62.4455pt too high) detected at line 302
 []


Overfull \vbox (61.4455pt too high) detected at line 302
 []


Overfull \vbox (60.4455pt too high) detected at line 302
 []


Overfull \vbox (59.4455pt too high) detected at line 302
 []


Overfull \vbox (58.4455pt too high) detected at line 302
 []


Overfull \vbox (57.4455pt too high) detected at line 302
 []


Overfull \vbox (56.4455pt too high) detected at line 302
 []


Overfull \vbox (55.4455pt too high) detected at line 302
 []


Overfull \vbox (54.4455pt too high) detected at line 302
 []


Overfull \vbox (53.4455pt too high) detected at line 302
 []


Overfull \vbox (52.4455pt too high) detected at line 302
 []


Overfull \vbox (51.4455pt too high) detected at line 302
 []


Overfull \vbox (50.4455pt too high) detected at line 302
 []


Overfull \vbox (49.4455pt too high) detected at line 302
 []


Overfull \vbox (48.4455pt too high) detected at line 302
 []


Overfull \vbox (47.4455pt too high) detected at line 302
 []


Overfull \vbox (46.4455pt too high) detected at line 302
 []


Overfull \vbox (45.4455pt too high) detected at line 302
 []


Overfull \vbox (44.4455pt too high) detected at line 302
 []


LaTeX Warning: `h' float specifier changed to `ht'.

[3] <../White_Sea/Luvenga_Goreliy/L_max.pdf, id=52, 505.89pt x 505.89pt>
File: ../White_Sea/Luvenga_Goreliy/L_max.pdf Graphic file (type pdf)

<use ../White_Sea/Luvenga_Goreliy/L_max.pdf>
Package pdftex.def Info: ../White_Sea/Luvenga_Goreliy/L_max.pdf used on input l
ine 328.
(pdftex.def)             Requested size: 184.9429pt x 184.9455pt.

<../White_Sea//Luvenga_II_razrez/L_max.pdf, id=53, 505.89pt x 505.89pt>
File: ../White_Sea//Luvenga_II_razrez/L_max.pdf Graphic file (type pdf)

<use ../White_Sea//Luvenga_II_razrez/L_max.pdf>
Package pdftex.def Info: ../White_Sea//Luvenga_II_razrez/L_max.pdf used on inpu
t line 337.
(pdftex.def)             Requested size: 184.9429pt x 184.9455pt.

<../White_Sea/Estuatiy_Luvenga/L_max.pdf, id=54, 505.89pt x 505.89pt>
File: ../White_Sea/Estuatiy_Luvenga/L_max.pdf Graphic file (type pdf)

<use ../White_Sea/Estuatiy_Luvenga/L_max.pdf>
Package pdftex.def Info: ../White_Sea/Estuatiy_Luvenga/L_max.pdf used on input 
line 348.
(pdftex.def)             Requested size: 184.9429pt x 184.9455pt.

<../White_Sea/Ryashkov_ZRS/L_max.pdf, id=55, 505.89pt x 505.89pt>
File: ../White_Sea/Ryashkov_ZRS/L_max.pdf Graphic file (type pdf)

<use ../White_Sea/Ryashkov_ZRS/L_max.pdf>
Package pdftex.def Info: ../White_Sea/Ryashkov_ZRS/L_max.pdf used on input line
 357.
(pdftex.def)             Requested size: 184.9429pt x 184.9455pt.

<../White_Sea/Ryashkov_YuG/L_max.pdf, id=56, 505.89pt x 505.89pt>
File: ../White_Sea/Ryashkov_YuG/L_max.pdf Graphic file (type pdf)

<use ../White_Sea/Ryashkov_YuG/L_max.pdf>
Package pdftex.def Info: ../White_Sea/Ryashkov_YuG/L_max.pdf used on input line
 367.
(pdftex.def)             Requested size: 184.9429pt x 184.9455pt.

<../White_Sea/Lomnishniy/L_max.pdf, id=57, 505.89pt x 505.89pt>
File: ../White_Sea/Lomnishniy/L_max.pdf Graphic file (type pdf)

<use ../White_Sea/Lomnishniy/L_max.pdf>
Package pdftex.def Info: ../White_Sea/Lomnishniy/L_max.pdf used on input line 3
76.
(pdftex.def)             Requested size: 184.9429pt x 184.9455pt.


LaTeX Warning: `h' float specifier changed to `ht'.

[4 <../White_Sea/Luvenga_Goreliy/N2_dynamic.pdf> <../White_Sea//Luvenga_II_razr
ez/N2_dynamic.pdf> <../White_Sea/Estuatiy_Luvenga/N2_dynamic.pdf> <../White_Sea
/Ryashkov_ZRS/N2_dynamic.pdf> <../White_Sea/Ryashkov_YuG/N2_dynamic.pdf> <../Wh
ite_Sea/Lomnishniy/N2_dynamic.pdf>] [5 <../White_Sea/Estuatiy_Luvenga/sizestr2_
1992_.pdf> <../White_Sea/Estuatiy_Luvenga/sizestr2_1995_.pdf> <../White_Sea/Est
uatiy_Luvenga/sizestr2_1998_.pdf> <../White_Sea/Estuatiy_Luvenga/sizestr2_1993_
.pdf> <../White_Sea/Estuatiy_Luvenga/sizestr2_1996_.pdf> <../White_Sea/Estuatiy
_Luvenga/sizestr2_1999_.pdf> <../White_Sea/Estuatiy_Luvenga/sizestr2_1994_.pdf>
 <../White_Sea/Estuatiy_Luvenga/sizestr2_1997_.pdf> <../White_Sea/Estuatiy_Luve
nga/sizestr2_2000_.pdf>] [6 <../White_Sea/Estuatiy_Luvenga/sizestr2_2001_.pdf> 
<../White_Sea/Estuatiy_Luvenga/sizestr2_2004_.pdf> <../White_Sea/Estuatiy_Luven
ga/sizestr2_2007_.pdf> <../White_Sea/Estuatiy_Luvenga/sizestr2_2002_.pdf> <../W
hite_Sea/Estuatiy_Luvenga/sizestr2_2005_.pdf> <../White_Sea/Estuatiy_Luvenga/si
zestr2_2008_.pdf> <../White_Sea/Estuatiy_Luvenga/sizestr2_2003_.pdf> <../White_
Sea/Estuatiy_Luvenga/sizestr2_2006_.pdf> <../White_Sea/Estuatiy_Luvenga/sizestr
2_2009_.pdf>] [7 <../White_Sea/Estuatiy_Luvenga/sizestr2_2010_.pdf> <../White_S
ea/Estuatiy_Luvenga/sizestr2_2011_.pdf> <../White_Sea/Estuatiy_Luvenga/sizestr2
_2012_.pdf>] [8 <../White_Sea/Luvenga_Goreliy/L_max.pdf> <../White_Sea//Luvenga
_II_razrez/L_max.pdf> <../White_Sea/Estuatiy_Luvenga/L_max.pdf> <../White_Sea/R
yashkov_ZRS/L_max.pdf> <../White_Sea/Ryashkov_YuG/L_max.pdf> <../White_Sea/Lomn
ishniy/L_max.pdf>] (./Macoma_dynamic_White_sea.aux)

LaTeX Warning: There were undefined references.

 ) 
Here is how much of TeX's memory you used:
 4122 strings out of 494816
 56098 string characters out of 3177878
 112118 words of memory out of 3000000
 7183 multiletter control sequences out of 15000+200000
 23848 words of font info for 61 fonts, out of 3000000 for 9000
 198 hyphenation exceptions out of 8191
 37i,13n,25p,1012b,322s stack positions out of 5000i,500n,10000p,200000b,50000s
 </home/sonya/.texmf-var/fonts/pk/ljfour/lh/lh-t2a/lati1440.600pk> </home/son
ya/.texmf-var/fonts/pk/ljfour/lh/lh-t2a/labx1440.600pk> </home/sonya/.texmf-var
/fonts/pk/ljfour/lh/lh-t2a/larm1000.600pk> </home/sonya/.texmf-var/fonts/pk/ljf
our/lh/lh-t2a/labx1200.600pk> </home/sonya/.texmf-var/fonts/pk/ljfour/lh/lh-t2a
/lati1200.600pk> </home/sonya/.texmf-var/fonts/pk/ljfour/lh/lh-t2a/larm1200.600
pk> </home/sonya/.texmf-var/fonts/pk/ljfour/lh/lh-t2a/labx1728.600pk> </home/so
nya/.texmf-var/fonts/pk/ljfour/lh/lh-t2a/larm1440.600pk> </home/sonya/.texmf-va
r/fonts/pk/ljfour/lh/lh-t2a/lati2074.600pk> </home/sonya/.texmf-var/fonts/pk/lj
four/lh/lh-t2a/larm2074.600pk></usr/share/texlive/texmf-dist/fonts/type1/public
/amsfonts/cm/cmr8.pfb></usr/share/texlive/texmf-dist/fonts/type1/public/amsfont
s/cm/cmsy10.pfb></usr/share/texlive/texmf-dist/fonts/type1/public/amsfonts/cm/c
msy7.pfb></usr/share/texlive/texmf-dist/fonts/type1/urw/helvetic/uhvb8a.pfb

pdfTeX warning: pdflatex (file /usr/share/texlive/texmf-dist/fonts/type1/urw/he
lvetic/uhvb8a.pfb): glyph `afii10020' undefined


pdfTeX warning: pdflatex (file /usr/share/texlive/texmf-dist/fonts/type1/urw/he
lvetic/uhvb8a.pfb): glyph `afii10025' undefined


pdfTeX warning: pdflatex (file /usr/share/texlive/texmf-dist/fonts/type1/urw/he
lvetic/uhvb8a.pfb): glyph `afii10029' undefined


pdfTeX warning: pdflatex (file /usr/share/texlive/texmf-dist/fonts/type1/urw/he
lvetic/uhvb8a.pfb): glyph `afii10030' undefined


pdfTeX warning: pdflatex (file /usr/share/texlive/texmf-dist/fonts/type1/urw/he
lvetic/uhvb8a.pfb): glyph `afii10034' undefined


pdfTeX warning: pdflatex (file /usr/share/texlive/texmf-dist/fonts/type1/urw/he
lvetic/uhvb8a.pfb): glyph `afii10047' undefined


pdfTeX warning: pdflatex (file /usr/share/texlive/texmf-dist/fonts/type1/urw/he
lvetic/uhvb8a.pfb): glyph `afii10048' undefined


pdfTeX warning: pdflatex (file /usr/share/texlive/texmf-dist/fonts/type1/urw/he
lvetic/uhvb8a.pfb): glyph `afii10065' undefined


pdfTeX warning: pdflatex (file /usr/share/texlive/texmf-dist/fonts/type1/urw/he
lvetic/uhvb8a.pfb): glyph `afii10066' undefined


pdfTeX warning: pdflatex (file /usr/share/texlive/texmf-dist/fonts/type1/urw/he
lvetic/uhvb8a.pfb): glyph `afii10067' undefined


pdfTeX warning: pdflatex (file /usr/share/texlive/texmf-dist/fonts/type1/urw/he
lvetic/uhvb8a.pfb): glyph `afii10068' undefined


pdfTeX warning: pdflatex (file /usr/share/texlive/texmf-dist/fonts/type1/urw/he
lvetic/uhvb8a.pfb): glyph `afii10069' undefined


pdfTeX warning: pdflatex (file /usr/share/texlive/texmf-dist/fonts/type1/urw/he
lvetic/uhvb8a.pfb): glyph `afii10070' undefined


pdfTeX warning: pdflatex (file /usr/share/texlive/texmf-dist/fonts/type1/urw/he
lvetic/uhvb8a.pfb): glyph `afii10072' undefined


pdfTeX warning: pdflatex (file /usr/share/texlive/texmf-dist/fonts/type1/urw/he
lvetic/uhvb8a.pfb): glyph `afii10074' undefined


pdfTeX warning: pdflatex (file /usr/share/texlive/texmf-dist/fonts/type1/urw/he
lvetic/uhvb8a.pfb): glyph `afii10075' undefined


pdfTeX warning: pdflatex (file /usr/share/texlive/texmf-dist/fonts/type1/urw/he
lvetic/uhvb8a.pfb): glyph `afii10076' undefined


pdfTeX warning: pdflatex (file /usr/share/texlive/texmf-dist/fonts/type1/urw/he
lvetic/uhvb8a.pfb): glyph `afii10077' undefined


pdfTeX warning: pdflatex (file /usr/share/texlive/texmf-dist/fonts/type1/urw/he
lvetic/uhvb8a.pfb): glyph `afii10078' undefined


pdfTeX warning: pdflatex (file /usr/share/texlive/texmf-dist/fonts/type1/urw/he
lvetic/uhvb8a.pfb): glyph `afii10079' undefined


pdfTeX warning: pdflatex (file /usr/share/texlive/texmf-dist/fonts/type1/urw/he
lvetic/uhvb8a.pfb): glyph `afii10080' undefined


pdfTeX warning: pdflatex (file /usr/share/texlive/texmf-dist/fonts/type1/urw/he
lvetic/uhvb8a.pfb): glyph `afii10081' undefined


pdfTeX warning: pdflatex (file /usr/share/texlive/texmf-dist/fonts/type1/urw/he
lvetic/uhvb8a.pfb): glyph `afii10082' undefined


pdfTeX warning: pdflatex (file /usr/share/texlive/texmf-dist/fonts/type1/urw/he
lvetic/uhvb8a.pfb): glyph `afii10083' undefined


pdfTeX warning: pdflatex (file /usr/share/texlive/texmf-dist/fonts/type1/urw/he
lvetic/uhvb8a.pfb): glyph `afii10084' undefined


pdfTeX warning: pdflatex (file /usr/share/texlive/texmf-dist/fonts/type1/urw/he
lvetic/uhvb8a.pfb): glyph `afii10085' undefined


pdfTeX warning: pdflatex (file /usr/share/texlive/texmf-dist/fonts/type1/urw/he
lvetic/uhvb8a.pfb): glyph `afii10087' undefined


pdfTeX warning: pdflatex (file /usr/share/texlive/texmf-dist/fonts/type1/urw/he
lvetic/uhvb8a.pfb): glyph `afii10090' undefined


pdfTeX warning: pdflatex (file /usr/share/texlive/texmf-dist/fonts/type1/urw/he
lvetic/uhvb8a.pfb): glyph `afii10093' undefined


pdfTeX warning: pdflatex (file /usr/share/texlive/texmf-dist/fonts/type1/urw/he
lvetic/uhvb8a.pfb): glyph `afii10094' undefined


pdfTeX warning: pdflatex (file /usr/share/texlive/texmf-dist/fonts/type1/urw/he
lvetic/uhvb8a.pfb): glyph `afii10097' undefined
></usr/share/texlive/texmf-dist/fonts/type1/urw/helvetic/uhvr8a.pfb

pdfTeX warning: pdflatex (file /usr/share/texlive/texmf-dist/fonts/type1/urw/he
lvetic/uhvr8a.pfb): glyph `afii10067' undefined


pdfTeX warning: pdflatex (file /usr/share/texlive/texmf-dist/fonts/type1/urw/he
lvetic/uhvr8a.pfb): glyph `afii10068' undefined


pdfTeX warning: pdflatex (file /usr/share/texlive/texmf-dist/fonts/type1/urw/he
lvetic/uhvr8a.pfb): glyph `afii10069' undefined


pdfTeX warning: pdflatex (file /usr/share/texlive/texmf-dist/fonts/type1/urw/he
lvetic/uhvr8a.pfb): glyph `afii10073' undefined


pdfTeX warning: pdflatex (file /usr/share/texlive/texmf-dist/fonts/type1/urw/he
lvetic/uhvr8a.pfb): glyph `afii10076' undefined


pdfTeX warning: pdflatex (file /usr/share/texlive/texmf-dist/fonts/type1/urw/he
lvetic/uhvr8a.pfb): glyph `afii10078' undefined


pdfTeX warning: pdflatex (file /usr/share/texlive/texmf-dist/fonts/type1/urw/he
lvetic/uhvr8a.pfb): glyph `afii10080' undefined


pdfTeX warning: pdflatex (file /usr/share/texlive/texmf-dist/fonts/type1/urw/he
lvetic/uhvr8a.pfb): glyph `afii10095' undefined
>
Output written on Macoma_dynamic_White_sea.pdf (8 pages, 287805 bytes).
PDF statistics:
 648 PDF objects out of 1000 (max. 8388607)
 286 compressed objects within 3 object streams
 0 named destinations out of 1000 (max. 500000)
 166 words of extra memory for PDF output out of 10000 (max. 10000000)

